2026-02-27 19:39:05,494 summarizerlogger INFO logger is implemented
2026-03-01 11:53:32,184 summarizerlogger INFO yaml file: config\config.yaml loaded successfully
2026-03-01 11:53:32,192 summarizerlogger INFO yaml file: params.yaml loaded successfully
2026-03-01 11:53:32,192 summarizerlogger INFO created directory at: artifacts
2026-03-01 11:53:32,192 summarizerlogger INFO created directory at: artifacts/data_ingestion
2026-03-01 11:53:40,906 summarizerlogger INFO File is downloaded
2026-03-02 19:15:05,853 summarizerlogger INFO stage Data Ingestion stage initiated
2026-03-02 19:15:05,869 summarizerlogger INFO yaml file: config\config.yaml loaded successfully
2026-03-02 19:15:05,892 summarizerlogger INFO yaml file: params.yaml loaded successfully
2026-03-02 19:15:05,893 summarizerlogger INFO created directory at: artifacts
2026-03-02 19:15:05,893 summarizerlogger INFO created directory at: artifacts/data_ingestion
2026-03-02 19:15:09,246 summarizerlogger INFO File is downloaded
2026-03-02 19:15:09,426 summarizerlogger INFO Stage Data Ingestion stage Completed
2026-03-02 19:22:18,659 datasets INFO TensorFlow version 2.20.0 available.
2026-03-02 19:24:41,542 summarizerlogger INFO yaml file: config\config.yaml loaded successfully
2026-03-02 19:24:41,546 summarizerlogger INFO yaml file: params.yaml loaded successfully
2026-03-02 19:24:41,548 summarizerlogger INFO created directory at: artifacts
2026-03-02 19:24:41,551 summarizerlogger INFO created directory at: artifacts/data_transformation
2026-03-02 19:24:42,165 httpx INFO HTTP Request: HEAD https://huggingface.co/google/pegasus-cnn_dailymail/resolve/main/config.json "HTTP/1.1 307 Temporary Redirect"
2026-03-02 19:24:42,234 httpx INFO HTTP Request: HEAD https://huggingface.co/api/resolve-cache/models/google/pegasus-cnn_dailymail/40d588fdab0cc077b80d950b300bf66ad3c75b92/config.json "HTTP/1.1 200 OK"
2026-03-02 19:24:42,448 httpx INFO HTTP Request: GET https://huggingface.co/api/resolve-cache/models/google/pegasus-cnn_dailymail/40d588fdab0cc077b80d950b300bf66ad3c75b92/config.json "HTTP/1.1 200 OK"
2026-03-02 19:24:42,961 httpx INFO HTTP Request: HEAD https://huggingface.co/google/pegasus-cnn_dailymail/resolve/main/tokenizer_config.json "HTTP/1.1 307 Temporary Redirect"
2026-03-02 19:24:43,053 httpx INFO HTTP Request: HEAD https://huggingface.co/api/resolve-cache/models/google/pegasus-cnn_dailymail/40d588fdab0cc077b80d950b300bf66ad3c75b92/tokenizer_config.json "HTTP/1.1 200 OK"
2026-03-02 19:24:43,261 httpx INFO HTTP Request: GET https://huggingface.co/api/resolve-cache/models/google/pegasus-cnn_dailymail/40d588fdab0cc077b80d950b300bf66ad3c75b92/tokenizer_config.json "HTTP/1.1 200 OK"
2026-03-02 19:24:43,653 httpx INFO HTTP Request: GET https://huggingface.co/api/models/google/pegasus-cnn_dailymail/tree/main/additional_chat_templates?recursive=false&expand=false "HTTP/1.1 404 Not Found"
2026-03-02 19:24:43,932 httpx INFO HTTP Request: GET https://huggingface.co/api/models/google/pegasus-cnn_dailymail/tree/main?recursive=true&expand=false "HTTP/1.1 200 OK"
2026-03-02 19:24:44,217 httpx INFO HTTP Request: HEAD https://huggingface.co/google/pegasus-cnn_dailymail/resolve/main/spiece.model "HTTP/1.1 307 Temporary Redirect"
2026-03-02 19:24:44,219 huggingface_hub.utils._http WARNING Warning: You are sending unauthenticated requests to the HF Hub. Please set a HF_TOKEN to enable higher rate limits and faster downloads.
2026-03-02 19:24:44,297 httpx INFO HTTP Request: HEAD https://huggingface.co/api/resolve-cache/models/google/pegasus-cnn_dailymail/40d588fdab0cc077b80d950b300bf66ad3c75b92/spiece.model "HTTP/1.1 200 OK"
2026-03-02 19:24:44,379 httpx INFO HTTP Request: GET https://huggingface.co/api/resolve-cache/models/google/pegasus-cnn_dailymail/40d588fdab0cc077b80d950b300bf66ad3c75b92/spiece.model "HTTP/1.1 200 OK"
2026-03-02 19:24:45,474 httpx INFO HTTP Request: HEAD https://huggingface.co/google/pegasus-cnn_dailymail/resolve/main/tokenizer.json "HTTP/1.1 404 Not Found"
2026-03-02 19:24:45,766 httpx INFO HTTP Request: HEAD https://huggingface.co/google/pegasus-cnn_dailymail/resolve/main/added_tokens.json "HTTP/1.1 404 Not Found"
2026-03-02 19:24:46,047 httpx INFO HTTP Request: HEAD https://huggingface.co/google/pegasus-cnn_dailymail/resolve/main/special_tokens_map.json "HTTP/1.1 307 Temporary Redirect"
2026-03-02 19:24:46,106 httpx INFO HTTP Request: HEAD https://huggingface.co/api/resolve-cache/models/google/pegasus-cnn_dailymail/40d588fdab0cc077b80d950b300bf66ad3c75b92/special_tokens_map.json "HTTP/1.1 200 OK"
2026-03-02 19:24:46,182 httpx INFO HTTP Request: GET https://huggingface.co/api/resolve-cache/models/google/pegasus-cnn_dailymail/40d588fdab0cc077b80d950b300bf66ad3c75b92/special_tokens_map.json "HTTP/1.1 200 OK"
2026-03-02 19:24:46,466 httpx INFO HTTP Request: HEAD https://huggingface.co/google/pegasus-cnn_dailymail/resolve/main/chat_template.jinja "HTTP/1.1 404 Not Found"
2026-03-02 19:33:27,503 summarizerlogger INFO yaml file: config\config.yaml loaded successfully
2026-03-02 19:33:27,505 summarizerlogger INFO yaml file: params.yaml loaded successfully
2026-03-02 19:33:27,507 summarizerlogger INFO created directory at: artifacts
2026-03-02 19:33:27,509 summarizerlogger INFO created directory at: artifacts/data_transformation
2026-03-02 19:33:27,968 httpx INFO HTTP Request: HEAD https://huggingface.co/google/pegasus-cnn_dailymail/resolve/main/config.json "HTTP/1.1 307 Temporary Redirect"
2026-03-02 19:33:28,045 httpx INFO HTTP Request: HEAD https://huggingface.co/api/resolve-cache/models/google/pegasus-cnn_dailymail/40d588fdab0cc077b80d950b300bf66ad3c75b92/config.json "HTTP/1.1 200 OK"
2026-03-02 19:33:28,334 httpx INFO HTTP Request: HEAD https://huggingface.co/google/pegasus-cnn_dailymail/resolve/main/tokenizer_config.json "HTTP/1.1 307 Temporary Redirect"
2026-03-02 19:33:28,393 httpx INFO HTTP Request: HEAD https://huggingface.co/api/resolve-cache/models/google/pegasus-cnn_dailymail/40d588fdab0cc077b80d950b300bf66ad3c75b92/tokenizer_config.json "HTTP/1.1 200 OK"
2026-03-02 19:33:28,672 httpx INFO HTTP Request: GET https://huggingface.co/api/models/google/pegasus-cnn_dailymail/tree/main/additional_chat_templates?recursive=false&expand=false "HTTP/1.1 404 Not Found"
2026-03-02 19:33:28,957 httpx INFO HTTP Request: GET https://huggingface.co/api/models/google/pegasus-cnn_dailymail/tree/main?recursive=true&expand=false "HTTP/1.1 200 OK"
2026-03-02 19:33:48,190 summarizerlogger INFO stage Data Ingestion stage initiated
2026-03-02 19:33:48,194 summarizerlogger INFO yaml file: config\config.yaml loaded successfully
2026-03-02 19:33:48,194 summarizerlogger INFO yaml file: params.yaml loaded successfully
2026-03-02 19:33:48,194 summarizerlogger INFO created directory at: artifacts
2026-03-02 19:33:48,194 summarizerlogger INFO created directory at: artifacts/data_ingestion
2026-03-02 19:33:51,226 summarizerlogger INFO File is downloaded
2026-03-02 19:33:51,417 summarizerlogger INFO Stage Data Ingestion stage Completed
2026-03-02 19:33:59,519 summarizerlogger INFO yaml file: config\config.yaml loaded successfully
2026-03-02 19:33:59,519 summarizerlogger INFO yaml file: params.yaml loaded successfully
2026-03-02 19:33:59,519 summarizerlogger INFO created directory at: artifacts
2026-03-02 19:33:59,519 summarizerlogger INFO created directory at: artifacts/data_transformation
2026-03-02 19:33:59,984 httpx INFO HTTP Request: HEAD https://huggingface.co/google/pegasus-cnn_dailymail/resolve/main/config.json "HTTP/1.1 307 Temporary Redirect"
2026-03-02 19:34:00,053 httpx INFO HTTP Request: HEAD https://huggingface.co/api/resolve-cache/models/google/pegasus-cnn_dailymail/40d588fdab0cc077b80d950b300bf66ad3c75b92/config.json "HTTP/1.1 200 OK"
2026-03-02 19:34:00,508 httpx INFO HTTP Request: HEAD https://huggingface.co/google/pegasus-cnn_dailymail/resolve/main/tokenizer_config.json "HTTP/1.1 307 Temporary Redirect"
2026-03-02 19:34:00,583 httpx INFO HTTP Request: HEAD https://huggingface.co/api/resolve-cache/models/google/pegasus-cnn_dailymail/40d588fdab0cc077b80d950b300bf66ad3c75b92/tokenizer_config.json "HTTP/1.1 200 OK"
2026-03-02 19:34:00,891 httpx INFO HTTP Request: GET https://huggingface.co/api/models/google/pegasus-cnn_dailymail/tree/main/additional_chat_templates?recursive=false&expand=false "HTTP/1.1 404 Not Found"
2026-03-02 19:34:01,288 httpx INFO HTTP Request: GET https://huggingface.co/api/models/google/pegasus-cnn_dailymail/tree/main?recursive=true&expand=false "HTTP/1.1 200 OK"
2026-03-02 19:37:00,333 summarizerlogger INFO yaml file: config\config.yaml loaded successfully
2026-03-02 19:37:00,338 summarizerlogger INFO yaml file: params.yaml loaded successfully
2026-03-02 19:37:00,341 summarizerlogger INFO created directory at: artifacts
2026-03-02 19:37:00,345 summarizerlogger INFO created directory at: artifacts/data_transformation
2026-03-02 19:37:00,868 httpx INFO HTTP Request: HEAD https://huggingface.co/google/pegasus-cnn_dailymail/resolve/main/config.json "HTTP/1.1 307 Temporary Redirect"
2026-03-02 19:37:00,961 httpx INFO HTTP Request: HEAD https://huggingface.co/api/resolve-cache/models/google/pegasus-cnn_dailymail/40d588fdab0cc077b80d950b300bf66ad3c75b92/config.json "HTTP/1.1 200 OK"
2026-03-02 19:37:01,251 httpx INFO HTTP Request: HEAD https://huggingface.co/google/pegasus-cnn_dailymail/resolve/main/tokenizer_config.json "HTTP/1.1 307 Temporary Redirect"
2026-03-02 19:37:01,320 httpx INFO HTTP Request: HEAD https://huggingface.co/api/resolve-cache/models/google/pegasus-cnn_dailymail/40d588fdab0cc077b80d950b300bf66ad3c75b92/tokenizer_config.json "HTTP/1.1 200 OK"
2026-03-02 19:37:01,617 httpx INFO HTTP Request: GET https://huggingface.co/api/models/google/pegasus-cnn_dailymail/tree/main/additional_chat_templates?recursive=false&expand=false "HTTP/1.1 404 Not Found"
2026-03-02 19:37:01,945 httpx INFO HTTP Request: GET https://huggingface.co/api/models/google/pegasus-cnn_dailymail/tree/main?recursive=true&expand=false "HTTP/1.1 200 OK"
2026-03-02 19:55:45,907 datasets INFO TensorFlow version 2.20.0 available.
2026-03-02 19:55:46,565 summarizerlogger INFO stage Data Ingestion stage initiated
2026-03-02 19:55:46,568 summarizerlogger INFO yaml file: config\config.yaml loaded successfully
2026-03-02 19:55:46,569 summarizerlogger INFO yaml file: params.yaml loaded successfully
2026-03-02 19:55:46,571 summarizerlogger INFO created directory at: artifacts
2026-03-02 19:55:46,571 summarizerlogger INFO created directory at: artifacts/data_ingestion
2026-03-02 19:55:46,571 summarizerlogger INFO File already exits
2026-03-02 19:55:46,655 summarizerlogger ERROR [Errno 22] Invalid argument: 'artifacts\\data_ingestion\\samsum_dataset\\test\\data-00000-of-00001.arrow'
Traceback (most recent call last):
  File "E:\TextSummarizzer\main.py", line 10, in <module>
    data_ingestion_pipeline.initiate_data_ingestion()
  File "E:\TextSummarizzer\src\textSummarizer\pipeline\stage_1_data_ingestion_pipeline.py", line 16, in initiate_data_ingestion
    data_ingestion.extract_zip_file()
  File "E:\TextSummarizzer\src\textSummarizer\components\data_ingestion.py", line 32, in extract_zip_file
    zip_ref.extractall(unzip_path)
  File "E:\TextSummarizzer\venv\lib\zipfile.py", line 1634, in extractall
    self._extract_member(zipinfo, path, pwd)
  File "E:\TextSummarizzer\venv\lib\zipfile.py", line 1688, in _extract_member
    open(targetpath, "wb") as target:
OSError: [Errno 22] Invalid argument: 'artifacts\\data_ingestion\\samsum_dataset\\test\\data-00000-of-00001.arrow'
2026-03-02 19:58:33,302 datasets INFO TensorFlow version 2.20.0 available.
2026-03-02 19:58:33,851 summarizerlogger INFO stage Data Ingestion stage initiated
2026-03-02 19:58:33,854 summarizerlogger INFO yaml file: config\config.yaml loaded successfully
2026-03-02 19:58:33,854 summarizerlogger INFO yaml file: params.yaml loaded successfully
2026-03-02 19:58:33,854 summarizerlogger INFO created directory at: artifacts
2026-03-02 19:58:33,854 summarizerlogger INFO created directory at: artifacts/data_ingestion
2026-03-02 19:58:33,854 summarizerlogger INFO File already exits
2026-03-02 19:58:33,932 summarizerlogger ERROR [Errno 22] Invalid argument: 'artifacts/data_ingestion\\samsum_dataset/test/data-00000-of-00001.arrow'
Traceback (most recent call last):
  File "E:\TextSummarizzer\main.py", line 10, in <module>
    data_ingestion_pipeline.initiate_data_ingestion()
  File "E:\TextSummarizzer\src\textSummarizer\pipeline\stage_1_data_ingestion_pipeline.py", line 16, in initiate_data_ingestion
    data_ingestion.extract_zip_file()
  File "E:\TextSummarizzer\src\textSummarizer\components\data_ingestion.py", line 46, in extract_zip_file
    with zip_ref.open(member) as source, open(target_path, 'wb') as target:
OSError: [Errno 22] Invalid argument: 'artifacts/data_ingestion\\samsum_dataset/test/data-00000-of-00001.arrow'
2026-03-02 20:01:09,429 datasets INFO TensorFlow version 2.20.0 available.
2026-03-02 20:01:09,980 summarizerlogger INFO stage Data Ingestion stage initiated
2026-03-02 20:01:09,996 summarizerlogger INFO yaml file: config\config.yaml loaded successfully
2026-03-02 20:01:09,996 summarizerlogger INFO yaml file: params.yaml loaded successfully
2026-03-02 20:01:09,996 summarizerlogger INFO created directory at: artifacts
2026-03-02 20:01:09,999 summarizerlogger INFO created directory at: artifacts/data_ingestion
2026-03-02 20:01:09,999 summarizerlogger INFO File already exits
2026-03-02 20:01:10,070 summarizerlogger ERROR [Errno 22] Invalid argument: 'artifacts\\data_ingestion\\samsum_dataset\\test\\data-00000-of-00001.arrow'
Traceback (most recent call last):
  File "E:\TextSummarizzer\main.py", line 10, in <module>
    data_ingestion_pipeline.initiate_data_ingestion()
  File "E:\TextSummarizzer\src\textSummarizer\pipeline\stage_1_data_ingestion_pipeline.py", line 16, in initiate_data_ingestion
    data_ingestion.extract_zip_file()
  File "E:\TextSummarizzer\src\textSummarizer\components\data_ingestion.py", line 48, in extract_zip_file
    with zip_ref.open(member) as source, open(target_path, 'wb') as target:
OSError: [Errno 22] Invalid argument: 'artifacts\\data_ingestion\\samsum_dataset\\test\\data-00000-of-00001.arrow'
2026-03-02 20:05:48,779 datasets INFO TensorFlow version 2.20.0 available.
2026-03-02 20:05:49,329 summarizerlogger INFO stage Data Ingestion stage initiated
2026-03-02 20:05:49,329 summarizerlogger INFO yaml file: config\config.yaml loaded successfully
2026-03-02 20:05:49,329 summarizerlogger INFO yaml file: params.yaml loaded successfully
2026-03-02 20:05:49,329 summarizerlogger INFO created directory at: artifacts
2026-03-02 20:05:49,329 summarizerlogger INFO created directory at: artifacts/data_ingestion
2026-03-02 20:05:53,450 summarizerlogger INFO File is downloaded
2026-03-02 20:05:53,629 summarizerlogger INFO Unzipping completed
2026-03-02 20:05:53,629 summarizerlogger INFO Stage Data Ingestion stage Completed
2026-03-02 20:05:53,629 summarizerlogger INFO stage Data Transformation stage initiated
2026-03-02 20:05:53,629 summarizerlogger INFO yaml file: config\config.yaml loaded successfully
2026-03-02 20:05:53,629 summarizerlogger INFO yaml file: params.yaml loaded successfully
2026-03-02 20:05:53,642 summarizerlogger INFO created directory at: artifacts
2026-03-02 20:05:53,642 summarizerlogger INFO created directory at: artifacts/data_transformation
2026-03-02 20:05:54,144 httpx INFO HTTP Request: HEAD https://huggingface.co/google/pegasus-cnn_dailymail/resolve/main/config.json "HTTP/1.1 307 Temporary Redirect"
2026-03-02 20:05:54,198 httpx INFO HTTP Request: HEAD https://huggingface.co/api/resolve-cache/models/google/pegasus-cnn_dailymail/40d588fdab0cc077b80d950b300bf66ad3c75b92/config.json "HTTP/1.1 200 OK"
2026-03-02 20:05:54,482 httpx INFO HTTP Request: HEAD https://huggingface.co/google/pegasus-cnn_dailymail/resolve/main/tokenizer_config.json "HTTP/1.1 307 Temporary Redirect"
2026-03-02 20:05:54,532 httpx INFO HTTP Request: HEAD https://huggingface.co/api/resolve-cache/models/google/pegasus-cnn_dailymail/40d588fdab0cc077b80d950b300bf66ad3c75b92/tokenizer_config.json "HTTP/1.1 200 OK"
2026-03-02 20:05:54,884 httpx INFO HTTP Request: GET https://huggingface.co/api/models/google/pegasus-cnn_dailymail/tree/main/additional_chat_templates?recursive=false&expand=false "HTTP/1.1 404 Not Found"
2026-03-02 20:05:55,283 httpx INFO HTTP Request: GET https://huggingface.co/api/models/google/pegasus-cnn_dailymail/tree/main?recursive=true&expand=false "HTTP/1.1 200 OK"
2026-03-02 20:05:57,509 summarizerlogger ERROR PegasusTokenizer has no attribute as_target_tokenizer
Traceback (most recent call last):
  File "E:\TextSummarizzer\main.py", line 22, in <module>
    data_transformation_pipeline.initiate_data_transformation()
  File "E:\TextSummarizzer\src\textSummarizer\pipeline\stage_2_data_transformation_pipeline.py", line 14, in initiate_data_transformation
    data_transformation.convert()
  File "E:\TextSummarizzer\src\textSummarizer\components\data_transformation.py", line 28, in convert
    dataset_samsum_pt = dataset_samsum.map(self.convert_examples_to_features, batched = True)
  File "E:\TextSummarizzer\venv\lib\site-packages\datasets\dataset_dict.py", line 953, in map
    dataset_dict[split] = dataset.map(
  File "E:\TextSummarizzer\venv\lib\site-packages\datasets\arrow_dataset.py", line 562, in wrapper
    out: Union["Dataset", "DatasetDict"] = func(self, *args, **kwargs)
  File "E:\TextSummarizzer\venv\lib\site-packages\datasets\arrow_dataset.py", line 3406, in map
    for rank, done, content in Dataset._map_single(**unprocessed_kwargs):
  File "E:\TextSummarizzer\venv\lib\site-packages\datasets\arrow_dataset.py", line 3759, in _map_single
    for i, batch in iter_outputs(shard_iterable):
  File "E:\TextSummarizzer\venv\lib\site-packages\datasets\arrow_dataset.py", line 3712, in iter_outputs
    yield i, apply_function(example, i, offset=offset)
  File "E:\TextSummarizzer\venv\lib\site-packages\datasets\arrow_dataset.py", line 3635, in apply_function
    processed_inputs = function(*fn_args, *additional_args, **fn_kwargs)
  File "E:\TextSummarizzer\src\textSummarizer\components\data_transformation.py", line 17, in convert_examples_to_features
    with self.tokenizer.as_target_tokenizer():
  File "E:\TextSummarizzer\venv\lib\site-packages\transformers\tokenization_utils_base.py", line 1291, in __getattr__
    raise AttributeError(f"{self.__class__.__name__} has no attribute {key}")
AttributeError: PegasusTokenizer has no attribute as_target_tokenizer
2026-03-02 20:07:50,315 datasets INFO TensorFlow version 2.20.0 available.
2026-03-02 20:07:51,063 summarizerlogger INFO stage Data Ingestion stage initiated
2026-03-02 20:07:51,066 summarizerlogger INFO yaml file: config\config.yaml loaded successfully
2026-03-02 20:07:51,068 summarizerlogger INFO yaml file: params.yaml loaded successfully
2026-03-02 20:07:51,068 summarizerlogger INFO created directory at: artifacts
2026-03-02 20:07:51,070 summarizerlogger INFO created directory at: artifacts/data_ingestion
2026-03-02 20:07:51,071 summarizerlogger INFO File already exits
2026-03-02 20:07:51,257 summarizerlogger INFO Unzipping completed
2026-03-02 20:07:51,258 summarizerlogger INFO Stage Data Ingestion stage Completed
2026-03-02 20:07:51,258 summarizerlogger INFO stage Data Transformation stage initiated
2026-03-02 20:07:51,263 summarizerlogger INFO yaml file: config\config.yaml loaded successfully
2026-03-02 20:07:51,265 summarizerlogger INFO yaml file: params.yaml loaded successfully
2026-03-02 20:07:51,266 summarizerlogger INFO created directory at: artifacts
2026-03-02 20:07:51,266 summarizerlogger INFO created directory at: artifacts/data_transformation
2026-03-02 20:07:51,757 httpx INFO HTTP Request: HEAD https://huggingface.co/google/pegasus-cnn_dailymail/resolve/main/config.json "HTTP/1.1 307 Temporary Redirect"
2026-03-02 20:07:51,825 httpx INFO HTTP Request: HEAD https://huggingface.co/api/resolve-cache/models/google/pegasus-cnn_dailymail/40d588fdab0cc077b80d950b300bf66ad3c75b92/config.json "HTTP/1.1 200 OK"
2026-03-02 20:07:52,136 httpx INFO HTTP Request: HEAD https://huggingface.co/google/pegasus-cnn_dailymail/resolve/main/tokenizer_config.json "HTTP/1.1 307 Temporary Redirect"
2026-03-02 20:07:52,189 httpx INFO HTTP Request: HEAD https://huggingface.co/api/resolve-cache/models/google/pegasus-cnn_dailymail/40d588fdab0cc077b80d950b300bf66ad3c75b92/tokenizer_config.json "HTTP/1.1 200 OK"
2026-03-02 20:07:52,483 httpx INFO HTTP Request: GET https://huggingface.co/api/models/google/pegasus-cnn_dailymail/tree/main/additional_chat_templates?recursive=false&expand=false "HTTP/1.1 404 Not Found"
2026-03-02 20:07:52,769 httpx INFO HTTP Request: GET https://huggingface.co/api/models/google/pegasus-cnn_dailymail/tree/main?recursive=true&expand=false "HTTP/1.1 200 OK"
2026-03-02 20:08:02,035 summarizerlogger INFO Stage Data Transformation stage Completed
2026-03-03 11:32:10,988 datasets INFO TensorFlow version 2.20.0 available.
2026-03-03 11:33:40,403 summarizerlogger INFO yaml file: config\config.yaml loaded successfully
2026-03-03 11:33:40,446 summarizerlogger INFO yaml file: params.yaml loaded successfully
2026-03-03 11:33:40,449 summarizerlogger INFO created directory at: artifacts
2026-03-03 11:33:40,451 summarizerlogger INFO created directory at: artifacts/model_trainer
2026-03-03 11:33:40,986 httpx INFO HTTP Request: HEAD https://huggingface.co/google/pegasus-cnn_dailymail/resolve/main/config.json "HTTP/1.1 307 Temporary Redirect"
2026-03-03 11:33:41,064 httpx INFO HTTP Request: HEAD https://huggingface.co/api/resolve-cache/models/google/pegasus-cnn_dailymail/40d588fdab0cc077b80d950b300bf66ad3c75b92/config.json "HTTP/1.1 200 OK"
2026-03-03 11:33:41,445 httpx INFO HTTP Request: HEAD https://huggingface.co/google/pegasus-cnn_dailymail/resolve/main/tokenizer_config.json "HTTP/1.1 307 Temporary Redirect"
2026-03-03 11:33:41,508 httpx INFO HTTP Request: HEAD https://huggingface.co/api/resolve-cache/models/google/pegasus-cnn_dailymail/40d588fdab0cc077b80d950b300bf66ad3c75b92/tokenizer_config.json "HTTP/1.1 200 OK"
2026-03-03 11:33:41,820 httpx INFO HTTP Request: GET https://huggingface.co/api/models/google/pegasus-cnn_dailymail/tree/main/additional_chat_templates?recursive=false&expand=false "HTTP/1.1 404 Not Found"
2026-03-03 11:33:42,124 httpx INFO HTTP Request: GET https://huggingface.co/api/models/google/pegasus-cnn_dailymail/tree/main?recursive=true&expand=false "HTTP/1.1 200 OK"
2026-03-03 11:33:43,335 httpx INFO HTTP Request: HEAD https://huggingface.co/google/pegasus-cnn_dailymail/resolve/main/config.json "HTTP/1.1 307 Temporary Redirect"
2026-03-03 11:33:43,444 httpx INFO HTTP Request: HEAD https://huggingface.co/api/resolve-cache/models/google/pegasus-cnn_dailymail/40d588fdab0cc077b80d950b300bf66ad3c75b92/config.json "HTTP/1.1 200 OK"
2026-03-03 11:33:43,853 httpx INFO HTTP Request: HEAD https://huggingface.co/google/pegasus-cnn_dailymail/resolve/main/model.safetensors "HTTP/1.1 404 Not Found"
2026-03-03 11:33:44,181 httpx INFO HTTP Request: HEAD https://huggingface.co/google/pegasus-cnn_dailymail/resolve/main/model.safetensors.index.json "HTTP/1.1 404 Not Found"
2026-03-03 11:33:44,498 httpx INFO HTTP Request: HEAD https://huggingface.co/google/pegasus-cnn_dailymail/resolve/main/pytorch_model.bin "HTTP/1.1 302 Found"
2026-03-03 11:33:44,891 httpx INFO HTTP Request: GET https://huggingface.co/api/models/google/pegasus-cnn_dailymail/xet-read-token/40d588fdab0cc077b80d950b300bf66ad3c75b92 "HTTP/1.1 200 OK"
2026-03-03 11:40:51,547 httpx INFO HTTP Request: HEAD https://huggingface.co/google/pegasus-cnn_dailymail/resolve/main/model.safetensors "HTTP/1.1 404 Not Found"
2026-03-03 11:40:51,824 httpx INFO HTTP Request: GET https://huggingface.co/api/models/google/pegasus-cnn_dailymail "HTTP/1.1 200 OK"
2026-03-03 11:40:52,202 httpx INFO HTTP Request: GET https://huggingface.co/api/models/google/pegasus-cnn_dailymail/commits/main "HTTP/1.1 200 OK"
2026-03-03 11:40:53,377 httpx INFO HTTP Request: GET https://huggingface.co/api/models/google/pegasus-cnn_dailymail/discussions?p=0 "HTTP/1.1 200 OK"
2026-03-03 11:40:53,821 httpx INFO HTTP Request: GET https://huggingface.co/api/models/google/pegasus-cnn_dailymail/commits/refs%2Fpr%2F12 "HTTP/1.1 200 OK"
2026-03-03 11:40:54,199 httpx INFO HTTP Request: HEAD https://huggingface.co/google/pegasus-cnn_dailymail/resolve/refs%2Fpr%2F12/model.safetensors.index.json "HTTP/1.1 404 Not Found"
2026-03-03 11:40:54,691 httpx INFO HTTP Request: HEAD https://huggingface.co/google/pegasus-cnn_dailymail/resolve/refs%2Fpr%2F12/model.safetensors "HTTP/1.1 302 Found"
2026-03-03 11:40:56,004 httpx INFO HTTP Request: GET https://huggingface.co/api/models/google/pegasus-cnn_dailymail/xet-read-token/7db4e727842ad86cc5cdfeaef4d14c6fb2b46511 "HTTP/1.1 200 OK"
2026-03-03 11:41:07,549 httpx INFO HTTP Request: HEAD https://huggingface.co/google/pegasus-cnn_dailymail/resolve/main/generation_config.json "HTTP/1.1 307 Temporary Redirect"
2026-03-03 11:41:07,717 httpx INFO HTTP Request: HEAD https://huggingface.co/api/resolve-cache/models/google/pegasus-cnn_dailymail/40d588fdab0cc077b80d950b300bf66ad3c75b92/generation_config.json "HTTP/1.1 200 OK"
2026-03-03 11:41:08,437 httpx INFO HTTP Request: GET https://huggingface.co/api/resolve-cache/models/google/pegasus-cnn_dailymail/40d588fdab0cc077b80d950b300bf66ad3c75b92/generation_config.json "HTTP/1.1 200 OK"
2026-03-03 11:53:11,024 summarizerlogger INFO yaml file: config\config.yaml loaded successfully
2026-03-03 11:53:11,066 summarizerlogger INFO yaml file: params.yaml loaded successfully
2026-03-03 11:53:11,147 summarizerlogger INFO created directory at: artifacts
2026-03-03 11:53:11,151 summarizerlogger INFO created directory at: artifacts/model_trainer
2026-03-03 11:54:06,483 summarizerlogger INFO yaml file: config\config.yaml loaded successfully
2026-03-03 11:54:06,484 summarizerlogger INFO yaml file: params.yaml loaded successfully
2026-03-03 11:54:06,484 summarizerlogger INFO created directory at: artifacts
2026-03-03 11:54:06,484 summarizerlogger INFO created directory at: artifacts/model_trainer
2026-03-03 11:54:06,954 httpx INFO HTTP Request: HEAD https://huggingface.co/google/pegasus-cnn_dailymail/resolve/main/config.json "HTTP/1.1 307 Temporary Redirect"
2026-03-03 11:54:07,020 httpx INFO HTTP Request: HEAD https://huggingface.co/api/resolve-cache/models/google/pegasus-cnn_dailymail/40d588fdab0cc077b80d950b300bf66ad3c75b92/config.json "HTTP/1.1 200 OK"
2026-03-03 11:54:07,319 httpx INFO HTTP Request: HEAD https://huggingface.co/google/pegasus-cnn_dailymail/resolve/main/tokenizer_config.json "HTTP/1.1 307 Temporary Redirect"
2026-03-03 11:54:07,373 httpx INFO HTTP Request: HEAD https://huggingface.co/api/resolve-cache/models/google/pegasus-cnn_dailymail/40d588fdab0cc077b80d950b300bf66ad3c75b92/tokenizer_config.json "HTTP/1.1 200 OK"
2026-03-03 11:54:07,651 httpx INFO HTTP Request: GET https://huggingface.co/api/models/google/pegasus-cnn_dailymail/tree/main/additional_chat_templates?recursive=false&expand=false "HTTP/1.1 404 Not Found"
2026-03-03 11:54:07,940 httpx INFO HTTP Request: GET https://huggingface.co/api/models/google/pegasus-cnn_dailymail/tree/main?recursive=true&expand=false "HTTP/1.1 200 OK"
2026-03-03 11:54:08,735 httpx INFO HTTP Request: HEAD https://huggingface.co/google/pegasus-cnn_dailymail/resolve/main/config.json "HTTP/1.1 307 Temporary Redirect"
2026-03-03 11:54:08,735 huggingface_hub.utils._http WARNING Warning: You are sending unauthenticated requests to the HF Hub. Please set a HF_TOKEN to enable higher rate limits and faster downloads.
2026-03-03 11:54:08,790 httpx INFO HTTP Request: HEAD https://huggingface.co/api/resolve-cache/models/google/pegasus-cnn_dailymail/40d588fdab0cc077b80d950b300bf66ad3c75b92/config.json "HTTP/1.1 200 OK"
2026-03-03 11:54:09,107 httpx INFO HTTP Request: HEAD https://huggingface.co/google/pegasus-cnn_dailymail/resolve/main/model.safetensors "HTTP/1.1 404 Not Found"
2026-03-03 11:54:09,441 httpx INFO HTTP Request: GET https://huggingface.co/api/models/google/pegasus-cnn_dailymail "HTTP/1.1 200 OK"
2026-03-03 11:54:11,337 httpx INFO HTTP Request: GET https://huggingface.co/api/models/google/pegasus-cnn_dailymail/commits/main "HTTP/1.1 200 OK"
2026-03-03 11:54:12,072 httpx INFO HTTP Request: GET https://huggingface.co/api/models/google/pegasus-cnn_dailymail/discussions?p=0 "HTTP/1.1 200 OK"
2026-03-03 11:54:12,556 httpx INFO HTTP Request: GET https://huggingface.co/api/models/google/pegasus-cnn_dailymail/commits/refs%2Fpr%2F12 "HTTP/1.1 200 OK"
2026-03-03 11:54:13,047 httpx INFO HTTP Request: HEAD https://huggingface.co/google/pegasus-cnn_dailymail/resolve/refs%2Fpr%2F12/model.safetensors.index.json "HTTP/1.1 404 Not Found"
2026-03-03 11:54:13,650 httpx INFO HTTP Request: HEAD https://huggingface.co/google/pegasus-cnn_dailymail/resolve/refs%2Fpr%2F12/model.safetensors "HTTP/1.1 302 Found"
2026-03-03 11:54:32,012 httpx INFO HTTP Request: HEAD https://huggingface.co/google/pegasus-cnn_dailymail/resolve/main/generation_config.json "HTTP/1.1 307 Temporary Redirect"
2026-03-03 11:54:32,083 httpx INFO HTTP Request: HEAD https://huggingface.co/api/resolve-cache/models/google/pegasus-cnn_dailymail/40d588fdab0cc077b80d950b300bf66ad3c75b92/generation_config.json "HTTP/1.1 200 OK"
2026-03-03 12:02:45,275 summarizerlogger INFO yaml file: config\config.yaml loaded successfully
2026-03-03 12:02:45,294 summarizerlogger INFO yaml file: params.yaml loaded successfully
2026-03-03 12:02:45,298 summarizerlogger INFO created directory at: artifacts
2026-03-03 12:02:45,300 summarizerlogger INFO created directory at: artifacts/model_trainer
2026-03-03 12:02:58,065 summarizerlogger INFO yaml file: config\config.yaml loaded successfully
2026-03-03 12:02:58,069 summarizerlogger INFO yaml file: params.yaml loaded successfully
2026-03-03 12:02:58,069 summarizerlogger INFO created directory at: artifacts
2026-03-03 12:02:58,069 summarizerlogger INFO created directory at: artifacts/model_trainer
2026-03-03 12:24:22,030 summarizerlogger INFO yaml file: config\config.yaml loaded successfully
2026-03-03 12:24:22,032 summarizerlogger INFO yaml file: params.yaml loaded successfully
2026-03-03 12:24:22,032 summarizerlogger INFO created directory at: artifacts
2026-03-03 12:24:22,032 summarizerlogger INFO created directory at: artifacts/model_trainer
2026-03-03 12:30:35,776 summarizerlogger INFO yaml file: config\config.yaml loaded successfully
2026-03-03 12:30:35,785 summarizerlogger INFO yaml file: params.yaml loaded successfully
2026-03-03 12:30:35,788 summarizerlogger INFO created directory at: artifacts
2026-03-03 12:30:35,791 summarizerlogger INFO created directory at: artifacts/model_trainer
2026-03-03 12:30:53,863 summarizerlogger INFO yaml file: config\config.yaml loaded successfully
2026-03-03 12:30:53,868 summarizerlogger INFO yaml file: params.yaml loaded successfully
2026-03-03 12:30:53,872 summarizerlogger INFO created directory at: artifacts
2026-03-03 12:30:53,874 summarizerlogger INFO created directory at: artifacts/model_trainer
2026-03-03 12:38:03,832 summarizerlogger INFO yaml file: config\config.yaml loaded successfully
2026-03-03 12:38:03,849 summarizerlogger INFO yaml file: params.yaml loaded successfully
2026-03-03 12:38:03,851 summarizerlogger INFO created directory at: artifacts
2026-03-03 12:38:03,851 summarizerlogger INFO created directory at: artifacts/model_trainer
2026-03-03 12:38:40,283 summarizerlogger INFO yaml file: config\config.yaml loaded successfully
2026-03-03 12:38:40,290 summarizerlogger INFO yaml file: params.yaml loaded successfully
2026-03-03 12:38:40,292 summarizerlogger INFO created directory at: artifacts
2026-03-03 12:38:40,295 summarizerlogger INFO created directory at: artifacts/model_trainer
2026-03-31 03:24:53,037 datasets INFO TensorFlow version 2.20.0 available.
2026-03-31 03:26:23,319 summarizerlogger INFO yaml file: config\config.yaml loaded successfully
2026-03-31 03:26:23,326 summarizerlogger INFO yaml file: params.yaml loaded successfully
2026-03-31 03:26:23,329 summarizerlogger INFO created directory at: artifacts
2026-03-31 03:26:23,331 summarizerlogger INFO created directory at: artifacts/model_trainer
2026-03-31 03:38:21,585 summarizerlogger INFO yaml file: config\config.yaml loaded successfully
2026-03-31 03:38:21,590 summarizerlogger INFO yaml file: params.yaml loaded successfully
2026-03-31 03:38:21,592 summarizerlogger INFO created directory at: artifacts
2026-03-31 03:38:21,595 summarizerlogger INFO created directory at: artifacts/model_trainer
2026-03-31 03:38:31,039 summarizerlogger INFO yaml file: config\config.yaml loaded successfully
2026-03-31 03:38:31,044 summarizerlogger INFO yaml file: params.yaml loaded successfully
2026-03-31 03:38:31,046 summarizerlogger INFO created directory at: artifacts
2026-03-31 03:38:31,048 summarizerlogger INFO created directory at: artifacts/model_trainer
2026-03-31 03:43:08,573 summarizerlogger INFO yaml file: config\config.yaml loaded successfully
2026-03-31 03:43:08,578 summarizerlogger INFO yaml file: params.yaml loaded successfully
2026-03-31 03:43:08,580 summarizerlogger INFO created directory at: artifacts
2026-03-31 03:43:08,582 summarizerlogger INFO created directory at: artifacts/model_trainer
2026-03-31 03:43:13,787 summarizerlogger INFO yaml file: config\config.yaml loaded successfully
2026-03-31 03:43:13,792 summarizerlogger INFO yaml file: params.yaml loaded successfully
2026-03-31 03:43:13,795 summarizerlogger INFO created directory at: artifacts
2026-03-31 03:43:13,797 summarizerlogger INFO created directory at: artifacts/model_trainer
2026-03-31 03:45:08,576 summarizerlogger INFO yaml file: config\config.yaml loaded successfully
2026-03-31 03:45:08,591 summarizerlogger INFO yaml file: params.yaml loaded successfully
2026-03-31 03:45:08,593 summarizerlogger INFO created directory at: artifacts
2026-03-31 03:45:08,595 summarizerlogger INFO created directory at: artifacts/model_trainer
2026-03-31 03:45:09,071 httpx INFO HTTP Request: HEAD https://huggingface.co/google/pegasus-cnn_dailymail/resolve/main/config.json "HTTP/1.1 307 Temporary Redirect"
2026-03-31 03:45:09,074 huggingface_hub.utils._http WARNING Warning: You are sending unauthenticated requests to the HF Hub. Please set a HF_TOKEN to enable higher rate limits and faster downloads.
2026-03-31 03:45:09,239 httpx INFO HTTP Request: HEAD https://huggingface.co/api/resolve-cache/models/google/pegasus-cnn_dailymail/40d588fdab0cc077b80d950b300bf66ad3c75b92/config.json "HTTP/1.1 200 OK"
2026-03-31 03:45:09,580 httpx INFO HTTP Request: HEAD https://huggingface.co/google/pegasus-cnn_dailymail/resolve/main/config.json "HTTP/1.1 307 Temporary Redirect"
2026-03-31 03:45:09,606 httpx INFO HTTP Request: HEAD https://huggingface.co/api/resolve-cache/models/google/pegasus-cnn_dailymail/40d588fdab0cc077b80d950b300bf66ad3c75b92/config.json "HTTP/1.1 200 OK"
2026-03-31 03:45:09,904 httpx INFO HTTP Request: HEAD https://huggingface.co/google/pegasus-cnn_dailymail/resolve/main/tokenizer_config.json "HTTP/1.1 307 Temporary Redirect"
2026-03-31 03:45:09,938 httpx INFO HTTP Request: HEAD https://huggingface.co/api/resolve-cache/models/google/pegasus-cnn_dailymail/40d588fdab0cc077b80d950b300bf66ad3c75b92/tokenizer_config.json "HTTP/1.1 200 OK"
2026-03-31 03:45:10,255 httpx INFO HTTP Request: GET https://huggingface.co/api/models/google/pegasus-cnn_dailymail/tree/main/additional_chat_templates?recursive=false&expand=false "HTTP/1.1 404 Not Found"
2026-03-31 03:45:10,590 httpx INFO HTTP Request: GET https://huggingface.co/api/models/google/pegasus-cnn_dailymail/tree/main?recursive=true&expand=false "HTTP/1.1 200 OK"
2026-03-31 03:45:10,896 httpx INFO HTTP Request: HEAD https://huggingface.co/google/pegasus-cnn_dailymail/resolve/main/tokenizer.model "HTTP/1.1 404 Not Found"
2026-03-31 03:46:14,933 summarizerlogger INFO yaml file: config\config.yaml loaded successfully
2026-03-31 03:46:14,938 summarizerlogger INFO yaml file: params.yaml loaded successfully
2026-03-31 03:46:14,940 summarizerlogger INFO created directory at: artifacts
2026-03-31 03:46:14,942 summarizerlogger INFO created directory at: artifacts/model_trainer
2026-03-31 03:46:26,559 httpx INFO HTTP Request: HEAD https://huggingface.co/google/pegasus-cnn_dailymail/resolve/main/config.json "HTTP/1.1 307 Temporary Redirect"
2026-03-31 03:46:26,606 httpx INFO HTTP Request: HEAD https://huggingface.co/api/resolve-cache/models/google/pegasus-cnn_dailymail/40d588fdab0cc077b80d950b300bf66ad3c75b92/config.json "HTTP/1.1 200 OK"
2026-03-31 03:46:26,907 httpx INFO HTTP Request: HEAD https://huggingface.co/google/pegasus-cnn_dailymail/resolve/main/tokenizer_config.json "HTTP/1.1 307 Temporary Redirect"
2026-03-31 03:46:26,957 httpx INFO HTTP Request: HEAD https://huggingface.co/api/resolve-cache/models/google/pegasus-cnn_dailymail/40d588fdab0cc077b80d950b300bf66ad3c75b92/tokenizer_config.json "HTTP/1.1 200 OK"
2026-03-31 03:46:27,260 httpx INFO HTTP Request: GET https://huggingface.co/api/models/google/pegasus-cnn_dailymail/tree/main/additional_chat_templates?recursive=false&expand=false "HTTP/1.1 404 Not Found"
2026-03-31 03:46:27,567 httpx INFO HTTP Request: GET https://huggingface.co/api/models/google/pegasus-cnn_dailymail/tree/main?recursive=true&expand=false "HTTP/1.1 200 OK"
2026-03-31 03:56:20,812 summarizerlogger INFO yaml file: config\config.yaml loaded successfully
2026-03-31 03:56:20,816 summarizerlogger INFO yaml file: params.yaml loaded successfully
2026-03-31 03:56:20,818 summarizerlogger INFO created directory at: artifacts
2026-03-31 03:56:20,820 summarizerlogger INFO created directory at: artifacts/model_trainer
2026-03-31 03:56:21,273 httpx INFO HTTP Request: HEAD https://huggingface.co/google/pegasus-cnn_dailymail/resolve/main/config.json "HTTP/1.1 307 Temporary Redirect"
2026-03-31 03:56:21,328 httpx INFO HTTP Request: HEAD https://huggingface.co/api/resolve-cache/models/google/pegasus-cnn_dailymail/40d588fdab0cc077b80d950b300bf66ad3c75b92/config.json "HTTP/1.1 200 OK"
2026-03-31 03:56:21,623 httpx INFO HTTP Request: HEAD https://huggingface.co/google/pegasus-cnn_dailymail/resolve/main/config.json "HTTP/1.1 307 Temporary Redirect"
2026-03-31 03:56:21,679 httpx INFO HTTP Request: HEAD https://huggingface.co/api/resolve-cache/models/google/pegasus-cnn_dailymail/40d588fdab0cc077b80d950b300bf66ad3c75b92/config.json "HTTP/1.1 200 OK"
2026-03-31 03:56:21,977 httpx INFO HTTP Request: HEAD https://huggingface.co/google/pegasus-cnn_dailymail/resolve/main/tokenizer_config.json "HTTP/1.1 307 Temporary Redirect"
2026-03-31 03:56:22,023 httpx INFO HTTP Request: HEAD https://huggingface.co/api/resolve-cache/models/google/pegasus-cnn_dailymail/40d588fdab0cc077b80d950b300bf66ad3c75b92/tokenizer_config.json "HTTP/1.1 200 OK"
2026-03-31 03:56:22,324 httpx INFO HTTP Request: GET https://huggingface.co/api/models/google/pegasus-cnn_dailymail/tree/main/additional_chat_templates?recursive=false&expand=false "HTTP/1.1 404 Not Found"
2026-03-31 03:56:22,644 httpx INFO HTTP Request: GET https://huggingface.co/api/models/google/pegasus-cnn_dailymail/tree/main?recursive=true&expand=false "HTTP/1.1 200 OK"
2026-03-31 03:59:11,900 datasets INFO TensorFlow version 2.20.0 available.
2026-03-31 03:59:58,236 summarizerlogger INFO yaml file: config\config.yaml loaded successfully
2026-03-31 03:59:58,241 summarizerlogger INFO yaml file: params.yaml loaded successfully
2026-03-31 03:59:58,243 summarizerlogger INFO created directory at: artifacts
2026-03-31 03:59:58,246 summarizerlogger INFO created directory at: artifacts/model_trainer
2026-03-31 03:59:58,718 httpx INFO HTTP Request: HEAD https://huggingface.co/google/pegasus-cnn_dailymail/resolve/main/config.json "HTTP/1.1 307 Temporary Redirect"
2026-03-31 03:59:58,758 httpx INFO HTTP Request: HEAD https://huggingface.co/api/resolve-cache/models/google/pegasus-cnn_dailymail/40d588fdab0cc077b80d950b300bf66ad3c75b92/config.json "HTTP/1.1 200 OK"
2026-03-31 03:59:59,062 httpx INFO HTTP Request: HEAD https://huggingface.co/google/pegasus-cnn_dailymail/resolve/main/tokenizer_config.json "HTTP/1.1 307 Temporary Redirect"
2026-03-31 03:59:59,073 huggingface_hub.utils._http WARNING Warning: You are sending unauthenticated requests to the HF Hub. Please set a HF_TOKEN to enable higher rate limits and faster downloads.
2026-03-31 03:59:59,123 httpx INFO HTTP Request: HEAD https://huggingface.co/api/resolve-cache/models/google/pegasus-cnn_dailymail/40d588fdab0cc077b80d950b300bf66ad3c75b92/tokenizer_config.json "HTTP/1.1 200 OK"
2026-03-31 03:59:59,429 httpx INFO HTTP Request: GET https://huggingface.co/api/models/google/pegasus-cnn_dailymail/tree/main/additional_chat_templates?recursive=false&expand=false "HTTP/1.1 404 Not Found"
2026-03-31 03:59:59,728 httpx INFO HTTP Request: GET https://huggingface.co/api/models/google/pegasus-cnn_dailymail/tree/main?recursive=true&expand=false "HTTP/1.1 200 OK"
2026-03-31 04:00:00,440 httpx INFO HTTP Request: HEAD https://huggingface.co/google/pegasus-cnn_dailymail/resolve/main/config.json "HTTP/1.1 307 Temporary Redirect"
2026-03-31 04:00:00,478 httpx INFO HTTP Request: HEAD https://huggingface.co/api/resolve-cache/models/google/pegasus-cnn_dailymail/40d588fdab0cc077b80d950b300bf66ad3c75b92/config.json "HTTP/1.1 200 OK"
2026-03-31 04:00:00,894 httpx INFO HTTP Request: HEAD https://huggingface.co/google/pegasus-cnn_dailymail/resolve/main/model.safetensors "HTTP/1.1 404 Not Found"
2026-03-31 04:00:01,207 httpx INFO HTTP Request: GET https://huggingface.co/api/models/google/pegasus-cnn_dailymail "HTTP/1.1 200 OK"
2026-03-31 04:00:02,979 httpx INFO HTTP Request: GET https://huggingface.co/api/models/google/pegasus-cnn_dailymail/commits/main "HTTP/1.1 200 OK"
2026-03-31 04:00:03,561 httpx INFO HTTP Request: GET https://huggingface.co/api/models/google/pegasus-cnn_dailymail/discussions?p=0 "HTTP/1.1 200 OK"
2026-03-31 04:00:04,151 httpx INFO HTTP Request: GET https://huggingface.co/api/models/google/pegasus-cnn_dailymail/commits/refs%2Fpr%2F12 "HTTP/1.1 200 OK"
2026-03-31 04:00:04,880 httpx INFO HTTP Request: HEAD https://huggingface.co/google/pegasus-cnn_dailymail/resolve/refs%2Fpr%2F12/model.safetensors.index.json "HTTP/1.1 404 Not Found"
2026-03-31 04:00:05,526 httpx INFO HTTP Request: HEAD https://huggingface.co/google/pegasus-cnn_dailymail/resolve/refs%2Fpr%2F12/model.safetensors "HTTP/1.1 302 Found"
2026-03-31 04:00:20,496 httpx INFO HTTP Request: HEAD https://huggingface.co/google/pegasus-cnn_dailymail/resolve/main/generation_config.json "HTTP/1.1 307 Temporary Redirect"
2026-03-31 04:00:20,549 httpx INFO HTTP Request: HEAD https://huggingface.co/api/resolve-cache/models/google/pegasus-cnn_dailymail/40d588fdab0cc077b80d950b300bf66ad3c75b92/generation_config.json "HTTP/1.1 200 OK"
2026-03-31 04:05:19,167 summarizerlogger INFO yaml file: config\config.yaml loaded successfully
2026-03-31 04:05:19,171 summarizerlogger INFO yaml file: params.yaml loaded successfully
2026-03-31 04:05:19,173 summarizerlogger INFO created directory at: artifacts
2026-03-31 04:05:19,175 summarizerlogger INFO created directory at: artifacts/model_trainer
2026-03-31 04:05:19,666 httpx INFO HTTP Request: HEAD https://huggingface.co/google/pegasus-cnn_dailymail/resolve/main/tokenizer_config.json "HTTP/1.1 307 Temporary Redirect"
2026-03-31 04:05:19,726 httpx INFO HTTP Request: HEAD https://huggingface.co/api/resolve-cache/models/google/pegasus-cnn_dailymail/40d588fdab0cc077b80d950b300bf66ad3c75b92/tokenizer_config.json "HTTP/1.1 200 OK"
2026-03-31 04:05:20,033 httpx INFO HTTP Request: GET https://huggingface.co/api/models/google/pegasus-cnn_dailymail/tree/main/additional_chat_templates?recursive=false&expand=false "HTTP/1.1 404 Not Found"
2026-03-31 04:05:20,355 httpx INFO HTTP Request: GET https://huggingface.co/api/models/google/pegasus-cnn_dailymail/tree/main?recursive=true&expand=false "HTTP/1.1 200 OK"
2026-03-31 04:05:21,105 httpx INFO HTTP Request: HEAD https://huggingface.co/google/pegasus-cnn_dailymail/resolve/main/config.json "HTTP/1.1 307 Temporary Redirect"
2026-03-31 04:05:21,168 httpx INFO HTTP Request: HEAD https://huggingface.co/api/resolve-cache/models/google/pegasus-cnn_dailymail/40d588fdab0cc077b80d950b300bf66ad3c75b92/config.json "HTTP/1.1 200 OK"
2026-03-31 04:05:21,488 httpx INFO HTTP Request: HEAD https://huggingface.co/google/pegasus-cnn_dailymail/resolve/main/model.safetensors "HTTP/1.1 404 Not Found"
2026-03-31 04:05:21,804 httpx INFO HTTP Request: GET https://huggingface.co/api/models/google/pegasus-cnn_dailymail "HTTP/1.1 200 OK"
2026-03-31 04:05:23,685 httpx INFO HTTP Request: GET https://huggingface.co/api/models/google/pegasus-cnn_dailymail/commits/main "HTTP/1.1 200 OK"
2026-03-31 04:05:24,632 httpx INFO HTTP Request: GET https://huggingface.co/api/models/google/pegasus-cnn_dailymail/discussions?p=0 "HTTP/1.1 200 OK"
2026-03-31 04:05:25,251 httpx INFO HTTP Request: GET https://huggingface.co/api/models/google/pegasus-cnn_dailymail/commits/refs%2Fpr%2F12 "HTTP/1.1 200 OK"
2026-03-31 04:05:25,839 httpx INFO HTTP Request: HEAD https://huggingface.co/google/pegasus-cnn_dailymail/resolve/refs%2Fpr%2F12/model.safetensors.index.json "HTTP/1.1 404 Not Found"
2026-03-31 04:05:26,589 httpx INFO HTTP Request: HEAD https://huggingface.co/google/pegasus-cnn_dailymail/resolve/refs%2Fpr%2F12/model.safetensors "HTTP/1.1 302 Found"
2026-03-31 04:05:41,022 httpx INFO HTTP Request: HEAD https://huggingface.co/google/pegasus-cnn_dailymail/resolve/main/generation_config.json "HTTP/1.1 307 Temporary Redirect"
2026-03-31 04:05:41,122 httpx INFO HTTP Request: HEAD https://huggingface.co/api/resolve-cache/models/google/pegasus-cnn_dailymail/40d588fdab0cc077b80d950b300bf66ad3c75b92/generation_config.json "HTTP/1.1 200 OK"
2026-03-31 04:08:10,133 summarizerlogger INFO yaml file: config\config.yaml loaded successfully
2026-03-31 04:08:10,139 summarizerlogger INFO yaml file: params.yaml loaded successfully
2026-03-31 04:08:10,142 summarizerlogger INFO created directory at: artifacts
2026-03-31 04:08:10,144 summarizerlogger INFO created directory at: artifacts/model_trainer
2026-03-31 04:08:10,632 httpx INFO HTTP Request: HEAD https://huggingface.co/google/pegasus-cnn_dailymail/resolve/main/tokenizer_config.json "HTTP/1.1 307 Temporary Redirect"
2026-03-31 04:08:10,681 httpx INFO HTTP Request: HEAD https://huggingface.co/api/resolve-cache/models/google/pegasus-cnn_dailymail/40d588fdab0cc077b80d950b300bf66ad3c75b92/tokenizer_config.json "HTTP/1.1 200 OK"
2026-03-31 04:08:11,003 httpx INFO HTTP Request: GET https://huggingface.co/api/models/google/pegasus-cnn_dailymail/tree/main/additional_chat_templates?recursive=false&expand=false "HTTP/1.1 404 Not Found"
2026-03-31 04:08:11,317 httpx INFO HTTP Request: GET https://huggingface.co/api/models/google/pegasus-cnn_dailymail/tree/main?recursive=true&expand=false "HTTP/1.1 200 OK"
2026-03-31 04:08:12,029 httpx INFO HTTP Request: HEAD https://huggingface.co/google/pegasus-cnn_dailymail/resolve/main/config.json "HTTP/1.1 307 Temporary Redirect"
2026-03-31 04:08:12,080 httpx INFO HTTP Request: HEAD https://huggingface.co/api/resolve-cache/models/google/pegasus-cnn_dailymail/40d588fdab0cc077b80d950b300bf66ad3c75b92/config.json "HTTP/1.1 200 OK"
2026-03-31 04:08:12,395 httpx INFO HTTP Request: HEAD https://huggingface.co/google/pegasus-cnn_dailymail/resolve/main/model.safetensors "HTTP/1.1 404 Not Found"
2026-03-31 04:08:12,728 httpx INFO HTTP Request: GET https://huggingface.co/api/models/google/pegasus-cnn_dailymail "HTTP/1.1 200 OK"
2026-03-31 04:08:14,477 httpx INFO HTTP Request: GET https://huggingface.co/api/models/google/pegasus-cnn_dailymail/commits/main "HTTP/1.1 200 OK"
2026-03-31 04:08:15,054 httpx INFO HTTP Request: GET https://huggingface.co/api/models/google/pegasus-cnn_dailymail/discussions?p=0 "HTTP/1.1 200 OK"
2026-03-31 04:08:15,787 httpx INFO HTTP Request: GET https://huggingface.co/api/models/google/pegasus-cnn_dailymail/commits/refs%2Fpr%2F12 "HTTP/1.1 200 OK"
2026-03-31 04:08:16,222 httpx INFO HTTP Request: HEAD https://huggingface.co/google/pegasus-cnn_dailymail/resolve/refs%2Fpr%2F12/model.safetensors.index.json "HTTP/1.1 404 Not Found"
2026-03-31 04:08:16,870 httpx INFO HTTP Request: HEAD https://huggingface.co/google/pegasus-cnn_dailymail/resolve/refs%2Fpr%2F12/model.safetensors "HTTP/1.1 302 Found"
2026-03-31 04:08:31,114 httpx INFO HTTP Request: HEAD https://huggingface.co/google/pegasus-cnn_dailymail/resolve/main/generation_config.json "HTTP/1.1 307 Temporary Redirect"
2026-03-31 04:08:31,165 httpx INFO HTTP Request: HEAD https://huggingface.co/api/resolve-cache/models/google/pegasus-cnn_dailymail/40d588fdab0cc077b80d950b300bf66ad3c75b92/generation_config.json "HTTP/1.1 200 OK"
2026-03-31 05:55:43,829 numexpr.utils INFO Note: NumExpr detected 16 cores but "NUMEXPR_MAX_THREADS" not set, so enforcing safe limit of 8.
2026-03-31 05:55:43,830 numexpr.utils INFO NumExpr defaulting to 8 threads.
2026-03-31 05:55:46,194 datasets INFO TensorFlow version 2.16.1 available.
2026-03-31 05:58:18,480 numexpr.utils INFO Note: NumExpr detected 16 cores but "NUMEXPR_MAX_THREADS" not set, so enforcing safe limit of 8.
2026-03-31 05:58:18,480 numexpr.utils INFO NumExpr defaulting to 8 threads.
2026-03-31 05:58:18,917 datasets INFO TensorFlow version 2.16.1 available.
2026-03-31 06:01:27,981 numexpr.utils INFO Note: NumExpr detected 16 cores but "NUMEXPR_MAX_THREADS" not set, so enforcing safe limit of 8.
2026-03-31 06:01:27,981 numexpr.utils INFO NumExpr defaulting to 8 threads.
2026-03-31 06:01:28,427 datasets INFO TensorFlow version 2.16.1 available.
2026-03-31 06:03:05,176 numexpr.utils INFO Note: NumExpr detected 16 cores but "NUMEXPR_MAX_THREADS" not set, so enforcing safe limit of 8.
2026-03-31 06:03:05,176 numexpr.utils INFO NumExpr defaulting to 8 threads.
2026-03-31 06:03:05,793 datasets INFO TensorFlow version 2.16.1 available.
2026-03-31 06:03:56,346 numexpr.utils INFO Note: NumExpr detected 16 cores but "NUMEXPR_MAX_THREADS" not set, so enforcing safe limit of 8.
2026-03-31 06:03:56,346 numexpr.utils INFO NumExpr defaulting to 8 threads.
2026-03-31 06:03:56,959 datasets INFO TensorFlow version 2.16.1 available.
2026-03-31 06:13:09,252 numexpr.utils INFO Note: NumExpr detected 16 cores but "NUMEXPR_MAX_THREADS" not set, so enforcing safe limit of 8.
2026-03-31 06:13:09,252 numexpr.utils INFO NumExpr defaulting to 8 threads.
2026-03-31 06:13:12,198 summarizerlogger INFO stage Data Ingestion stage initiated
2026-03-31 06:13:12,214 summarizerlogger INFO yaml file: config\config.yaml loaded successfully
2026-03-31 06:13:12,237 summarizerlogger INFO yaml file: params.yaml loaded successfully
2026-03-31 06:13:12,237 summarizerlogger INFO created directory at: artifacts
2026-03-31 06:13:12,237 summarizerlogger INFO created directory at: artifacts/data_ingestion
2026-03-31 06:13:12,237 summarizerlogger INFO File already exits
2026-03-31 06:13:12,418 summarizerlogger INFO Unzipping completed
2026-03-31 06:13:12,418 summarizerlogger INFO Stage Data Ingestion stage Completed
2026-03-31 06:13:12,418 summarizerlogger INFO stage Data Transformation stage initiated
2026-03-31 06:13:12,422 summarizerlogger INFO yaml file: config\config.yaml loaded successfully
2026-03-31 06:13:12,425 summarizerlogger INFO yaml file: params.yaml loaded successfully
2026-03-31 06:13:12,425 summarizerlogger INFO created directory at: artifacts
2026-03-31 06:13:12,426 summarizerlogger INFO created directory at: artifacts/data_transformation
2026-03-31 06:13:17,803 summarizerlogger INFO Stage Data Transformation stage Completed
2026-03-31 06:13:17,803 summarizerlogger INFO stage Model Trainer stage initiated
2026-03-31 06:13:17,803 summarizerlogger INFO yaml file: config\config.yaml loaded successfully
2026-03-31 06:13:17,818 summarizerlogger INFO yaml file: params.yaml loaded successfully
2026-03-31 06:13:17,819 summarizerlogger INFO created directory at: artifacts
2026-03-31 06:13:17,819 summarizerlogger INFO created directory at: artifacts/model_trainer
2026-03-31 06:13:17,821 summarizerlogger ERROR "'ConfigBox' object has no attribute 'evaluation_strategy'"
Traceback (most recent call last):
  File "E:\Conda\Lib\site-packages\box\box.py", line 503, in __getitem__
    return super().__getitem__(item)
           ^^^^^^^^^^^^^^^^^^^^^^^^^
KeyError: 'evaluation_strategy'

The above exception was the direct cause of the following exception:

Traceback (most recent call last):
  File "E:\Conda\Lib\site-packages\box\box.py", line 536, in __getattr__
    value = self.__getitem__(item, _ignore_default=True)
            ^^^^^^^^^^^^^^^^^^^^^^^^^^^^^^^^^^^^^^^^^^^^
  File "E:\Conda\Lib\site-packages\box\box.py", line 524, in __getitem__
    raise BoxKeyError(str(err)) from _exception_cause(err)
box.exceptions.BoxKeyError: "'evaluation_strategy'"

During handling of the above exception, another exception occurred:

Traceback (most recent call last):
  File "E:\Conda\Lib\site-packages\box\box.py", line 538, in __getattr__
    value = object.__getattribute__(self, item)
            ^^^^^^^^^^^^^^^^^^^^^^^^^^^^^^^^^^^
AttributeError: 'ConfigBox' object has no attribute 'evaluation_strategy'

The above exception was the direct cause of the following exception:

Traceback (most recent call last):
  File "E:\Conda\Lib\site-packages\box\config_box.py", line 28, in __getattr__
    return super().__getattr__(item)
           ^^^^^^^^^^^^^^^^^^^^^^^^^
  File "E:\Conda\Lib\site-packages\box\box.py", line 552, in __getattr__
    raise BoxKeyError(str(err)) from _exception_cause(err)
box.exceptions.BoxKeyError: "'ConfigBox' object has no attribute 'evaluation_strategy'"

During handling of the above exception, another exception occurred:

Traceback (most recent call last):
  File "E:\Conda\Lib\site-packages\box\box.py", line 503, in __getitem__
    return super().__getitem__(item)
           ^^^^^^^^^^^^^^^^^^^^^^^^^
KeyError: 'evaluation_strategy'

The above exception was the direct cause of the following exception:

Traceback (most recent call last):
  File "E:\Conda\Lib\site-packages\box\box.py", line 536, in __getattr__
    value = self.__getitem__(item, _ignore_default=True)
            ^^^^^^^^^^^^^^^^^^^^^^^^^^^^^^^^^^^^^^^^^^^^
  File "E:\Conda\Lib\site-packages\box\box.py", line 524, in __getitem__
    raise BoxKeyError(str(err)) from _exception_cause(err)
box.exceptions.BoxKeyError: "'evaluation_strategy'"

During handling of the above exception, another exception occurred:

Traceback (most recent call last):
  File "E:\Conda\Lib\site-packages\box\box.py", line 538, in __getattr__
    value = object.__getattribute__(self, item)
            ^^^^^^^^^^^^^^^^^^^^^^^^^^^^^^^^^^^
AttributeError: 'ConfigBox' object has no attribute 'evaluation_strategy'

The above exception was the direct cause of the following exception:

Traceback (most recent call last):
  File "E:\TextSummarizzer\main.py", line 33, in <module>
    model_trainer_pipeline.initiate_model_trainer()
  File "E:\TextSummarizzer\src\textSummarizer\pipeline\stage_3_model_trainer_pipeline.py", line 10, in initiate_model_trainer
    model_trainer_config = config.get_model_trainer_config()
                           ^^^^^^^^^^^^^^^^^^^^^^^^^^^^^^^^^
  File "E:\TextSummarizzer\src\textSummarizer\config\configuration.py", line 56, in get_model_trainer_config
    evaluation_strategy = params.evaluation_strategy,
                          ^^^^^^^^^^^^^^^^^^^^^^^^^^
  File "E:\Conda\Lib\site-packages\box\config_box.py", line 30, in __getattr__
    return super().__getattr__(item.lower())
           ^^^^^^^^^^^^^^^^^^^^^^^^^^^^^^^^^
  File "E:\Conda\Lib\site-packages\box\box.py", line 552, in __getattr__
    raise BoxKeyError(str(err)) from _exception_cause(err)
box.exceptions.BoxKeyError: "'ConfigBox' object has no attribute 'evaluation_strategy'"
2026-03-31 06:15:06,147 numexpr.utils INFO Note: NumExpr detected 16 cores but "NUMEXPR_MAX_THREADS" not set, so enforcing safe limit of 8.
2026-03-31 06:15:06,147 numexpr.utils INFO NumExpr defaulting to 8 threads.
2026-03-31 06:15:09,187 summarizerlogger INFO stage Data Ingestion stage initiated
2026-03-31 06:15:09,191 summarizerlogger INFO yaml file: config\config.yaml loaded successfully
2026-03-31 06:15:09,193 summarizerlogger INFO yaml file: params.yaml loaded successfully
2026-03-31 06:15:09,194 summarizerlogger INFO created directory at: artifacts
2026-03-31 06:15:09,195 summarizerlogger INFO created directory at: artifacts/data_ingestion
2026-03-31 06:15:09,195 summarizerlogger INFO File already exits
2026-03-31 06:15:09,360 summarizerlogger INFO Unzipping completed
2026-03-31 06:15:09,360 summarizerlogger INFO Stage Data Ingestion stage Completed
2026-03-31 06:15:09,361 summarizerlogger INFO stage Data Transformation stage initiated
2026-03-31 06:15:09,365 summarizerlogger INFO yaml file: config\config.yaml loaded successfully
2026-03-31 06:15:09,367 summarizerlogger INFO yaml file: params.yaml loaded successfully
2026-03-31 06:15:09,368 summarizerlogger INFO created directory at: artifacts
2026-03-31 06:15:09,369 summarizerlogger INFO created directory at: artifacts/data_transformation
2026-03-31 06:15:11,695 summarizerlogger INFO Stage Data Transformation stage Completed
2026-03-31 06:15:11,695 summarizerlogger INFO stage Model Trainer stage initiated
2026-03-31 06:15:11,695 summarizerlogger INFO yaml file: config\config.yaml loaded successfully
2026-03-31 06:15:11,710 summarizerlogger INFO yaml file: params.yaml loaded successfully
2026-03-31 06:15:11,710 summarizerlogger INFO created directory at: artifacts
2026-03-31 06:15:11,710 summarizerlogger INFO created directory at: artifacts/model_trainer
2026-03-31 06:15:11,713 summarizerlogger ERROR "'ConfigBox' object has no attribute 'evaluation_strategy'"
Traceback (most recent call last):
  File "E:\Conda\Lib\site-packages\box\box.py", line 503, in __getitem__
    return super().__getitem__(item)
           ^^^^^^^^^^^^^^^^^^^^^^^^^
KeyError: 'evaluation_strategy'

The above exception was the direct cause of the following exception:

Traceback (most recent call last):
  File "E:\Conda\Lib\site-packages\box\box.py", line 536, in __getattr__
    value = self.__getitem__(item, _ignore_default=True)
            ^^^^^^^^^^^^^^^^^^^^^^^^^^^^^^^^^^^^^^^^^^^^
  File "E:\Conda\Lib\site-packages\box\box.py", line 524, in __getitem__
    raise BoxKeyError(str(err)) from _exception_cause(err)
box.exceptions.BoxKeyError: "'evaluation_strategy'"

During handling of the above exception, another exception occurred:

Traceback (most recent call last):
  File "E:\Conda\Lib\site-packages\box\box.py", line 538, in __getattr__
    value = object.__getattribute__(self, item)
            ^^^^^^^^^^^^^^^^^^^^^^^^^^^^^^^^^^^
AttributeError: 'ConfigBox' object has no attribute 'evaluation_strategy'

The above exception was the direct cause of the following exception:

Traceback (most recent call last):
  File "E:\Conda\Lib\site-packages\box\config_box.py", line 28, in __getattr__
    return super().__getattr__(item)
           ^^^^^^^^^^^^^^^^^^^^^^^^^
  File "E:\Conda\Lib\site-packages\box\box.py", line 552, in __getattr__
    raise BoxKeyError(str(err)) from _exception_cause(err)
box.exceptions.BoxKeyError: "'ConfigBox' object has no attribute 'evaluation_strategy'"

During handling of the above exception, another exception occurred:

Traceback (most recent call last):
  File "E:\Conda\Lib\site-packages\box\box.py", line 503, in __getitem__
    return super().__getitem__(item)
           ^^^^^^^^^^^^^^^^^^^^^^^^^
KeyError: 'evaluation_strategy'

The above exception was the direct cause of the following exception:

Traceback (most recent call last):
  File "E:\Conda\Lib\site-packages\box\box.py", line 536, in __getattr__
    value = self.__getitem__(item, _ignore_default=True)
            ^^^^^^^^^^^^^^^^^^^^^^^^^^^^^^^^^^^^^^^^^^^^
  File "E:\Conda\Lib\site-packages\box\box.py", line 524, in __getitem__
    raise BoxKeyError(str(err)) from _exception_cause(err)
box.exceptions.BoxKeyError: "'evaluation_strategy'"

During handling of the above exception, another exception occurred:

Traceback (most recent call last):
  File "E:\Conda\Lib\site-packages\box\box.py", line 538, in __getattr__
    value = object.__getattribute__(self, item)
            ^^^^^^^^^^^^^^^^^^^^^^^^^^^^^^^^^^^
AttributeError: 'ConfigBox' object has no attribute 'evaluation_strategy'

The above exception was the direct cause of the following exception:

Traceback (most recent call last):
  File "E:\TextSummarizzer\main.py", line 33, in <module>
    model_trainer_pipeline.initiate_model_trainer()
  File "E:\TextSummarizzer\src\textSummarizer\pipeline\stage_3_model_trainer_pipeline.py", line 10, in initiate_model_trainer
    model_trainer_config = config.get_model_trainer_config()
                           ^^^^^^^^^^^^^^^^^^^^^^^^^^^^^^^^^
  File "E:\TextSummarizzer\src\textSummarizer\config\configuration.py", line 56, in get_model_trainer_config
    eval_strategy = params.evaluation_strategy,
                    ^^^^^^^^^^^^^^^^^^^^^^^^^^
  File "E:\Conda\Lib\site-packages\box\config_box.py", line 30, in __getattr__
    return super().__getattr__(item.lower())
           ^^^^^^^^^^^^^^^^^^^^^^^^^^^^^^^^^
  File "E:\Conda\Lib\site-packages\box\box.py", line 552, in __getattr__
    raise BoxKeyError(str(err)) from _exception_cause(err)
box.exceptions.BoxKeyError: "'ConfigBox' object has no attribute 'evaluation_strategy'"
2026-03-31 06:18:09,384 numexpr.utils INFO Note: NumExpr detected 16 cores but "NUMEXPR_MAX_THREADS" not set, so enforcing safe limit of 8.
2026-03-31 06:18:09,384 numexpr.utils INFO NumExpr defaulting to 8 threads.
2026-03-31 06:18:12,316 summarizerlogger INFO stage Data Ingestion stage initiated
2026-03-31 06:18:12,329 summarizerlogger INFO yaml file: config\config.yaml loaded successfully
2026-03-31 06:18:12,329 summarizerlogger INFO yaml file: params.yaml loaded successfully
2026-03-31 06:18:12,329 summarizerlogger INFO created directory at: artifacts
2026-03-31 06:18:12,329 summarizerlogger INFO created directory at: artifacts/data_ingestion
2026-03-31 06:18:12,329 summarizerlogger INFO File already exits
2026-03-31 06:18:12,489 summarizerlogger INFO Unzipping completed
2026-03-31 06:18:12,489 summarizerlogger INFO Stage Data Ingestion stage Completed
2026-03-31 06:18:12,489 summarizerlogger INFO stage Data Transformation stage initiated
2026-03-31 06:18:12,489 summarizerlogger INFO yaml file: config\config.yaml loaded successfully
2026-03-31 06:18:12,498 summarizerlogger INFO yaml file: params.yaml loaded successfully
2026-03-31 06:18:12,499 summarizerlogger INFO created directory at: artifacts
2026-03-31 06:18:12,500 summarizerlogger INFO created directory at: artifacts/data_transformation
2026-03-31 06:18:14,759 summarizerlogger INFO Stage Data Transformation stage Completed
2026-03-31 06:18:14,759 summarizerlogger INFO stage Model Trainer stage initiated
2026-03-31 06:18:14,759 summarizerlogger INFO yaml file: config\config.yaml loaded successfully
2026-03-31 06:18:14,771 summarizerlogger INFO yaml file: params.yaml loaded successfully
2026-03-31 06:18:14,772 summarizerlogger INFO created directory at: artifacts
2026-03-31 06:18:14,773 summarizerlogger INFO created directory at: artifacts/model_trainer
2026-03-31 06:18:14,773 summarizerlogger ERROR ModelTrainerConfig.__init__() got an unexpected keyword argument 'per_device_eval_batch_size'
Traceback (most recent call last):
  File "E:\TextSummarizzer\main.py", line 33, in <module>
    model_trainer_pipeline.initiate_model_trainer()
  File "E:\TextSummarizzer\src\textSummarizer\pipeline\stage_3_model_trainer_pipeline.py", line 10, in initiate_model_trainer
    model_trainer_config = config.get_model_trainer_config()
                           ^^^^^^^^^^^^^^^^^^^^^^^^^^^^^^^^^
  File "E:\TextSummarizzer\src\textSummarizer\config\configuration.py", line 46, in get_model_trainer_config
    model_trainer_config = ModelTrainerConfig(
                           ^^^^^^^^^^^^^^^^^^^
TypeError: ModelTrainerConfig.__init__() got an unexpected keyword argument 'per_device_eval_batch_size'
2026-03-31 06:19:36,490 numexpr.utils INFO Note: NumExpr detected 16 cores but "NUMEXPR_MAX_THREADS" not set, so enforcing safe limit of 8.
2026-03-31 06:19:36,490 numexpr.utils INFO NumExpr defaulting to 8 threads.
2026-03-31 06:19:39,414 summarizerlogger INFO stage Data Ingestion stage initiated
2026-03-31 06:19:39,414 summarizerlogger INFO yaml file: config\config.yaml loaded successfully
2026-03-31 06:19:39,430 summarizerlogger INFO yaml file: params.yaml loaded successfully
2026-03-31 06:19:39,431 summarizerlogger INFO created directory at: artifacts
2026-03-31 06:19:39,431 summarizerlogger INFO created directory at: artifacts/data_ingestion
2026-03-31 06:19:39,431 summarizerlogger INFO File already exits
2026-03-31 06:19:39,589 summarizerlogger INFO Unzipping completed
2026-03-31 06:19:39,589 summarizerlogger INFO Stage Data Ingestion stage Completed
2026-03-31 06:19:39,590 summarizerlogger INFO stage Data Transformation stage initiated
2026-03-31 06:19:39,594 summarizerlogger INFO yaml file: config\config.yaml loaded successfully
2026-03-31 06:19:39,596 summarizerlogger INFO yaml file: params.yaml loaded successfully
2026-03-31 06:19:39,597 summarizerlogger INFO created directory at: artifacts
2026-03-31 06:19:39,597 summarizerlogger INFO created directory at: artifacts/data_transformation
2026-03-31 06:19:41,855 summarizerlogger INFO Stage Data Transformation stage Completed
2026-03-31 06:19:41,855 summarizerlogger INFO stage Model Trainer stage initiated
2026-03-31 06:19:41,860 summarizerlogger INFO yaml file: config\config.yaml loaded successfully
2026-03-31 06:19:41,863 summarizerlogger INFO yaml file: params.yaml loaded successfully
2026-03-31 06:19:41,864 summarizerlogger INFO created directory at: artifacts
2026-03-31 06:19:41,865 summarizerlogger INFO created directory at: artifacts/model_trainer
2026-03-31 06:20:03,486 summarizerlogger ERROR module 'tensorflow' has no attribute 'io'
Traceback (most recent call last):
  File "E:\TextSummarizzer\main.py", line 33, in <module>
    model_trainer_pipeline.initiate_model_trainer()
  File "E:\TextSummarizzer\src\textSummarizer\pipeline\stage_3_model_trainer_pipeline.py", line 12, in initiate_model_trainer
    model_trainer_config.train()
  File "E:\TextSummarizzer\src\textSummarizer\components\model_trainer.py", line 29, in train
    trainer = Trainer(model=model_pegasus, args=trainer_args,
              ^^^^^^^^^^^^^^^^^^^^^^^^^^^^^^^^^^^^^^^^^^^^^^^
  File "E:\Conda\Lib\site-packages\transformers\trainer.py", line 558, in __init__
    self.callback_handler = CallbackHandler(
                            ^^^^^^^^^^^^^^^^
  File "E:\Conda\Lib\site-packages\transformers\trainer_callback.py", line 314, in __init__
    self.add_callback(cb)
  File "E:\Conda\Lib\site-packages\transformers\trainer_callback.py", line 331, in add_callback
    cb = callback() if isinstance(callback, type) else callback
         ^^^^^^^^^^
  File "E:\Conda\Lib\site-packages\transformers\integrations\integration_utils.py", line 598, in __init__
    from torch.utils.tensorboard import SummaryWriter  # noqa: F401
    ^^^^^^^^^^^^^^^^^^^^^^^^^^^^^^^^^^^^^^^^^^^^^^^^^
  File "E:\Conda\Lib\site-packages\torch\utils\tensorboard\__init__.py", line 12, in <module>
    from .writer import FileWriter, SummaryWriter
  File "E:\Conda\Lib\site-packages\torch\utils\tensorboard\writer.py", line 19, in <module>
    from ._embedding import get_embedding_info, make_mat, make_sprite, make_tsv, write_pbtxt
  File "E:\Conda\Lib\site-packages\torch\utils\tensorboard\_embedding.py", line 10, in <module>
    _HAS_GFILE_JOIN = hasattr(tf.io.gfile, "join")
                              ^^^^^
  File "E:\Conda\Lib\site-packages\tensorboard\lazy.py", line 65, in __getattr__
    return getattr(load_once(self), attr_name)
           ^^^^^^^^^^^^^^^^^^^^^^^^^^^^^^^^^^^
AttributeError: module 'tensorflow' has no attribute 'io'
2026-03-31 06:21:50,042 numexpr.utils INFO Note: NumExpr detected 16 cores but "NUMEXPR_MAX_THREADS" not set, so enforcing safe limit of 8.
2026-03-31 06:21:50,055 numexpr.utils INFO NumExpr defaulting to 8 threads.
2026-03-31 06:21:53,672 summarizerlogger INFO stage Data Ingestion stage initiated
2026-03-31 06:21:53,688 summarizerlogger INFO yaml file: config\config.yaml loaded successfully
2026-03-31 06:21:53,691 summarizerlogger INFO yaml file: params.yaml loaded successfully
2026-03-31 06:21:53,692 summarizerlogger INFO created directory at: artifacts
2026-03-31 06:21:53,692 summarizerlogger INFO created directory at: artifacts/data_ingestion
2026-03-31 06:21:53,693 summarizerlogger INFO File already exits
2026-03-31 06:21:53,842 summarizerlogger INFO Unzipping completed
2026-03-31 06:21:53,842 summarizerlogger INFO Stage Data Ingestion stage Completed
2026-03-31 06:21:53,842 summarizerlogger INFO stage Data Transformation stage initiated
2026-03-31 06:21:53,855 summarizerlogger INFO yaml file: config\config.yaml loaded successfully
2026-03-31 06:21:53,857 summarizerlogger INFO yaml file: params.yaml loaded successfully
2026-03-31 06:21:53,858 summarizerlogger INFO created directory at: artifacts
2026-03-31 06:21:53,859 summarizerlogger INFO created directory at: artifacts/data_transformation
2026-03-31 06:21:56,177 summarizerlogger INFO Stage Data Transformation stage Completed
2026-03-31 06:21:56,177 summarizerlogger INFO stage Model Trainer stage initiated
2026-03-31 06:21:56,194 summarizerlogger INFO yaml file: config\config.yaml loaded successfully
2026-03-31 06:21:56,197 summarizerlogger INFO yaml file: params.yaml loaded successfully
2026-03-31 06:21:56,198 summarizerlogger INFO created directory at: artifacts
2026-03-31 06:21:56,198 summarizerlogger INFO created directory at: artifacts/model_trainer
2026-03-31 06:22:15,744 summarizerlogger ERROR module 'tensorflow' has no attribute 'io'
Traceback (most recent call last):
  File "E:\TextSummarizzer\main.py", line 33, in <module>
    model_trainer_pipeline.initiate_model_trainer()
  File "E:\TextSummarizzer\src\textSummarizer\pipeline\stage_3_model_trainer_pipeline.py", line 12, in initiate_model_trainer
    model_trainer_config.train()
  File "E:\TextSummarizzer\src\textSummarizer\components\model_trainer.py", line 29, in train
    trainer = Trainer(model=model_pegasus, args=trainer_args,
              ^^^^^^^^^^^^^^^^^^^^^^^^^^^^^^^^^^^^^^^^^^^^^^^
  File "E:\Conda\Lib\site-packages\transformers\trainer.py", line 558, in __init__
    self.callback_handler = CallbackHandler(
                            ^^^^^^^^^^^^^^^^
  File "E:\Conda\Lib\site-packages\transformers\trainer_callback.py", line 314, in __init__
    self.add_callback(cb)
  File "E:\Conda\Lib\site-packages\transformers\trainer_callback.py", line 331, in add_callback
    cb = callback() if isinstance(callback, type) else callback
         ^^^^^^^^^^
  File "E:\Conda\Lib\site-packages\transformers\integrations\integration_utils.py", line 598, in __init__
    from torch.utils.tensorboard import SummaryWriter  # noqa: F401
    ^^^^^^^^^^^^^^^^^^^^^^^^^^^^^^^^^^^^^^^^^^^^^^^^^
  File "E:\Conda\Lib\site-packages\torch\utils\tensorboard\__init__.py", line 12, in <module>
    from .writer import FileWriter, SummaryWriter
  File "E:\Conda\Lib\site-packages\torch\utils\tensorboard\writer.py", line 19, in <module>
    from ._embedding import get_embedding_info, make_mat, make_sprite, make_tsv, write_pbtxt
  File "E:\Conda\Lib\site-packages\torch\utils\tensorboard\_embedding.py", line 10, in <module>
    _HAS_GFILE_JOIN = hasattr(tf.io.gfile, "join")
                              ^^^^^
  File "E:\Conda\Lib\site-packages\tensorboard\lazy.py", line 65, in __getattr__
    return getattr(load_once(self), attr_name)
           ^^^^^^^^^^^^^^^^^^^^^^^^^^^^^^^^^^^
AttributeError: module 'tensorflow' has no attribute 'io'
2026-03-31 06:24:09,880 numexpr.utils INFO Note: NumExpr detected 16 cores but "NUMEXPR_MAX_THREADS" not set, so enforcing safe limit of 8.
2026-03-31 06:24:09,880 numexpr.utils INFO NumExpr defaulting to 8 threads.
2026-03-31 06:24:13,383 summarizerlogger INFO stage Data Ingestion stage initiated
2026-03-31 06:24:13,388 summarizerlogger INFO yaml file: config\config.yaml loaded successfully
2026-03-31 06:24:13,391 summarizerlogger INFO yaml file: params.yaml loaded successfully
2026-03-31 06:24:13,391 summarizerlogger INFO created directory at: artifacts
2026-03-31 06:24:13,391 summarizerlogger INFO created directory at: artifacts/data_ingestion
2026-03-31 06:24:13,391 summarizerlogger INFO File already exits
2026-03-31 06:24:13,553 summarizerlogger INFO Unzipping completed
2026-03-31 06:24:13,553 summarizerlogger INFO Stage Data Ingestion stage Completed
2026-03-31 06:24:13,553 summarizerlogger INFO stage Data Transformation stage initiated
2026-03-31 06:24:13,553 summarizerlogger INFO yaml file: config\config.yaml loaded successfully
2026-03-31 06:24:13,560 summarizerlogger INFO yaml file: params.yaml loaded successfully
2026-03-31 06:24:13,561 summarizerlogger INFO created directory at: artifacts
2026-03-31 06:24:13,562 summarizerlogger INFO created directory at: artifacts/data_transformation
2026-03-31 06:24:15,892 summarizerlogger INFO Stage Data Transformation stage Completed
2026-03-31 06:24:15,893 summarizerlogger INFO stage Model Trainer stage initiated
2026-03-31 06:24:15,897 summarizerlogger INFO yaml file: config\config.yaml loaded successfully
2026-03-31 06:24:15,900 summarizerlogger INFO yaml file: params.yaml loaded successfully
2026-03-31 06:24:15,900 summarizerlogger INFO created directory at: artifacts
2026-03-31 06:24:15,901 summarizerlogger INFO created directory at: artifacts/model_trainer
2026-03-31 06:24:28,830 summarizerlogger ERROR TrainingArguments.__init__() got an unexpected keyword argument 'eval_strategy'
Traceback (most recent call last):
  File "E:\TextSummarizzer\main.py", line 33, in <module>
    model_trainer_pipeline.initiate_model_trainer()
  File "E:\TextSummarizzer\src\textSummarizer\pipeline\stage_3_model_trainer_pipeline.py", line 12, in initiate_model_trainer
    model_trainer_config.train()
  File "E:\TextSummarizzer\src\textSummarizer\components\model_trainer.py", line 23, in train
    trainer_args = TrainingArguments(
                   ^^^^^^^^^^^^^^^^^^
TypeError: TrainingArguments.__init__() got an unexpected keyword argument 'eval_strategy'
2026-03-31 06:25:59,654 numexpr.utils INFO Note: NumExpr detected 16 cores but "NUMEXPR_MAX_THREADS" not set, so enforcing safe limit of 8.
2026-03-31 06:25:59,654 numexpr.utils INFO NumExpr defaulting to 8 threads.
2026-03-31 06:26:03,090 summarizerlogger INFO stage Data Ingestion stage initiated
2026-03-31 06:26:03,099 summarizerlogger INFO yaml file: config\config.yaml loaded successfully
2026-03-31 06:26:03,103 summarizerlogger INFO yaml file: params.yaml loaded successfully
2026-03-31 06:26:03,103 summarizerlogger INFO created directory at: artifacts
2026-03-31 06:26:03,103 summarizerlogger INFO created directory at: artifacts/data_ingestion
2026-03-31 06:26:03,103 summarizerlogger INFO File already exits
2026-03-31 06:26:03,265 summarizerlogger INFO Unzipping completed
2026-03-31 06:26:03,265 summarizerlogger INFO Stage Data Ingestion stage Completed
2026-03-31 06:26:03,265 summarizerlogger INFO stage Data Transformation stage initiated
2026-03-31 06:26:03,271 summarizerlogger INFO yaml file: config\config.yaml loaded successfully
2026-03-31 06:26:03,275 summarizerlogger INFO yaml file: params.yaml loaded successfully
2026-03-31 06:26:03,276 summarizerlogger INFO created directory at: artifacts
2026-03-31 06:26:03,276 summarizerlogger INFO created directory at: artifacts/data_transformation
2026-03-31 06:26:05,481 summarizerlogger INFO Stage Data Transformation stage Completed
2026-03-31 06:26:05,481 summarizerlogger INFO stage Model Trainer stage initiated
2026-03-31 06:26:05,497 summarizerlogger INFO yaml file: config\config.yaml loaded successfully
2026-03-31 06:26:05,501 summarizerlogger INFO yaml file: params.yaml loaded successfully
2026-03-31 06:26:05,502 summarizerlogger INFO created directory at: artifacts
2026-03-31 06:26:05,502 summarizerlogger INFO created directory at: artifacts/model_trainer
2026-03-31 06:26:18,928 summarizerlogger ERROR Trainer.__init__() got an unexpected keyword argument 'processing_class'
Traceback (most recent call last):
  File "E:\TextSummarizzer\main.py", line 33, in <module>
    model_trainer_pipeline.initiate_model_trainer()
  File "E:\TextSummarizzer\src\textSummarizer\pipeline\stage_3_model_trainer_pipeline.py", line 12, in initiate_model_trainer
    model_trainer_config.train()
  File "E:\TextSummarizzer\src\textSummarizer\components\model_trainer.py", line 36, in train
    trainer = Trainer(model=model_pegasus, args=trainer_args,
              ^^^^^^^^^^^^^^^^^^^^^^^^^^^^^^^^^^^^^^^^^^^^^^^
TypeError: Trainer.__init__() got an unexpected keyword argument 'processing_class'
2026-03-31 06:28:03,806 numexpr.utils INFO Note: NumExpr detected 16 cores but "NUMEXPR_MAX_THREADS" not set, so enforcing safe limit of 8.
2026-03-31 06:28:03,806 numexpr.utils INFO NumExpr defaulting to 8 threads.
2026-03-31 06:28:07,343 summarizerlogger INFO stage Data Ingestion stage initiated
2026-03-31 06:28:07,348 summarizerlogger INFO yaml file: config\config.yaml loaded successfully
2026-03-31 06:28:07,350 summarizerlogger INFO yaml file: params.yaml loaded successfully
2026-03-31 06:28:07,351 summarizerlogger INFO created directory at: artifacts
2026-03-31 06:28:07,352 summarizerlogger INFO created directory at: artifacts/data_ingestion
2026-03-31 06:28:07,352 summarizerlogger INFO File already exits
2026-03-31 06:28:07,504 summarizerlogger INFO Unzipping completed
2026-03-31 06:28:07,504 summarizerlogger INFO Stage Data Ingestion stage Completed
2026-03-31 06:28:07,504 summarizerlogger INFO stage Data Transformation stage initiated
2026-03-31 06:28:07,514 summarizerlogger INFO yaml file: config\config.yaml loaded successfully
2026-03-31 06:28:07,517 summarizerlogger INFO yaml file: params.yaml loaded successfully
2026-03-31 06:28:07,517 summarizerlogger INFO created directory at: artifacts
2026-03-31 06:28:07,517 summarizerlogger INFO created directory at: artifacts/data_transformation
2026-03-31 06:28:09,757 summarizerlogger INFO Stage Data Transformation stage Completed
2026-03-31 06:28:09,757 summarizerlogger INFO stage Model Trainer stage initiated
2026-03-31 06:28:09,773 summarizerlogger INFO yaml file: config\config.yaml loaded successfully
2026-03-31 06:28:09,776 summarizerlogger INFO yaml file: params.yaml loaded successfully
2026-03-31 06:28:09,776 summarizerlogger INFO created directory at: artifacts
2026-03-31 06:28:09,777 summarizerlogger INFO created directory at: artifacts/model_trainer
2026-03-31 07:40:10,203 summarizerlogger INFO Stage Model Trainer stage Completed
2026-03-31 07:53:45,807 datasets INFO TensorFlow version 2.20.0 available.
2026-03-31 07:53:56,884 summarizerlogger INFO yaml file: config\config.yaml loaded successfully
2026-03-31 07:53:56,890 summarizerlogger INFO yaml file: params.yaml loaded successfully
2026-03-31 07:53:56,892 summarizerlogger INFO created directory at: artifacts
2026-03-31 07:55:46,457 summarizerlogger INFO yaml file: config\config.yaml loaded successfully
2026-03-31 07:55:46,461 summarizerlogger INFO yaml file: params.yaml loaded successfully
2026-03-31 07:55:46,463 summarizerlogger INFO created directory at: artifacts
2026-03-31 07:55:46,465 summarizerlogger INFO created directory at: artifacts/model_evaluation
2026-03-31 08:02:06,500 absl INFO Using default tokenizer.
2026-03-31 08:13:30,874 numexpr.utils INFO Note: NumExpr detected 16 cores but "NUMEXPR_MAX_THREADS" not set, so enforcing safe limit of 8.
2026-03-31 08:13:30,874 numexpr.utils INFO NumExpr defaulting to 8 threads.
2026-03-31 08:14:09,065 numexpr.utils INFO Note: NumExpr detected 16 cores but "NUMEXPR_MAX_THREADS" not set, so enforcing safe limit of 8.
2026-03-31 08:14:09,065 numexpr.utils INFO NumExpr defaulting to 8 threads.
2026-03-31 08:18:34,289 numexpr.utils INFO Note: NumExpr detected 16 cores but "NUMEXPR_MAX_THREADS" not set, so enforcing safe limit of 8.
2026-03-31 08:18:34,289 numexpr.utils INFO NumExpr defaulting to 8 threads.
2026-03-31 08:18:40,819 summarizerlogger INFO stage Data Ingestion stage initiated
2026-03-31 08:18:40,827 summarizerlogger INFO yaml file: config\config.yaml loaded successfully
2026-03-31 08:18:40,830 summarizerlogger INFO yaml file: params.yaml loaded successfully
2026-03-31 08:18:40,831 summarizerlogger INFO created directory at: artifacts
2026-03-31 08:18:40,831 summarizerlogger INFO created directory at: artifacts/data_ingestion
2026-03-31 08:18:40,831 summarizerlogger INFO File already exits
2026-03-31 08:18:40,988 summarizerlogger INFO Unzipping completed
2026-03-31 08:18:40,988 summarizerlogger INFO Stage Data Ingestion stage Completed
2026-03-31 08:18:40,988 summarizerlogger INFO stage Data Transformation stage initiated
2026-03-31 08:18:40,988 summarizerlogger INFO yaml file: config\config.yaml loaded successfully
2026-03-31 08:18:40,996 summarizerlogger INFO yaml file: params.yaml loaded successfully
2026-03-31 08:18:40,997 summarizerlogger INFO created directory at: artifacts
2026-03-31 08:18:40,998 summarizerlogger INFO created directory at: artifacts/data_transformation
2026-03-31 08:18:43,242 summarizerlogger ERROR [Errno 22] Invalid argument: 'E:/TextSummarizzer/artifacts/data_transformation/samsum_dataset/train/data-00000-of-00001.arrow'
Traceback (most recent call last):
  File "E:\TextSummarizzer\main.py", line 23, in <module>
    data_transformation_pipeline.initiate_data_transformation()
  File "E:\TextSummarizzer\src\textSummarizer\pipeline\stage_2_data_transformation_pipeline.py", line 14, in initiate_data_transformation
    data_transformation.convert()
  File "E:\TextSummarizzer\src\textSummarizer\components\data_transformation.py", line 36, in convert
    dataset_samsum_pt.save_to_disk(os.path.join(self.config.root_dir, "samsum_dataset"))
  File "E:\Conda\Lib\site-packages\datasets\dataset_dict.py", line 1377, in save_to_disk
    dataset.save_to_disk(
  File "E:\Conda\Lib\site-packages\datasets\arrow_dataset.py", line 1921, in save_to_disk
    for job_id, done, content in Dataset._save_to_disk_single(**kwargs):
                                 ^^^^^^^^^^^^^^^^^^^^^^^^^^^^^^^^^^^^^^
  File "E:\Conda\Lib\site-packages\datasets\arrow_dataset.py", line 1945, in _save_to_disk_single
    writer = ArrowWriter(
             ^^^^^^^^^^^^
  File "E:\Conda\Lib\site-packages\datasets\arrow_writer.py", line 524, in __init__
    self.stream = self._fs.open(path, "wb")
                  ^^^^^^^^^^^^^^^^^^^^^^^^^
  File "E:\Conda\Lib\site-packages\fsspec\spec.py", line 1349, in open
    f = self._open(
        ^^^^^^^^^^^
  File "E:\Conda\Lib\site-packages\fsspec\implementations\local.py", line 214, in _open
    return LocalFileOpener(path, mode, fs=self, **kwargs)
           ^^^^^^^^^^^^^^^^^^^^^^^^^^^^^^^^^^^^^^^^^^^^^^
  File "E:\Conda\Lib\site-packages\fsspec\implementations\local.py", line 391, in __init__
    self._open()
  File "E:\Conda\Lib\site-packages\fsspec\implementations\local.py", line 396, in _open
    self.f = open(self.path, mode=self.mode)
             ^^^^^^^^^^^^^^^^^^^^^^^^^^^^^^^
OSError: [Errno 22] Invalid argument: 'E:/TextSummarizzer/artifacts/data_transformation/samsum_dataset/train/data-00000-of-00001.arrow'
2026-03-31 08:21:29,629 numexpr.utils INFO Note: NumExpr detected 16 cores but "NUMEXPR_MAX_THREADS" not set, so enforcing safe limit of 8.
2026-03-31 08:21:29,629 numexpr.utils INFO NumExpr defaulting to 8 threads.
2026-03-31 08:21:32,781 summarizerlogger INFO stage Data Ingestion stage initiated
2026-03-31 08:21:32,791 summarizerlogger INFO yaml file: config\config.yaml loaded successfully
2026-03-31 08:21:32,794 summarizerlogger INFO yaml file: params.yaml loaded successfully
2026-03-31 08:21:32,794 summarizerlogger INFO created directory at: artifacts
2026-03-31 08:21:32,795 summarizerlogger INFO created directory at: artifacts/data_ingestion
2026-03-31 08:21:32,795 summarizerlogger INFO File already exits
2026-03-31 08:21:32,952 summarizerlogger INFO Unzipping completed
2026-03-31 08:21:32,952 summarizerlogger INFO Stage Data Ingestion stage Completed
2026-03-31 08:21:32,952 summarizerlogger INFO stage Data Transformation stage initiated
2026-03-31 08:21:32,958 summarizerlogger INFO yaml file: config\config.yaml loaded successfully
2026-03-31 08:21:32,960 summarizerlogger INFO yaml file: params.yaml loaded successfully
2026-03-31 08:21:32,961 summarizerlogger INFO created directory at: artifacts
2026-03-31 08:21:32,962 summarizerlogger INFO created directory at: artifacts/data_transformation
2026-03-31 08:21:35,172 summarizerlogger ERROR [Errno 22] Invalid argument: 'E:/TextSummarizzer/artifacts/data_transformation/samsum_dataset/train/data-00000-of-00001.arrow'
Traceback (most recent call last):
  File "E:\TextSummarizzer\main.py", line 23, in <module>
    data_transformation_pipeline.initiate_data_transformation()
  File "E:\TextSummarizzer\src\textSummarizer\pipeline\stage_2_data_transformation_pipeline.py", line 14, in initiate_data_transformation
    data_transformation.convert()
  File "E:\TextSummarizzer\src\textSummarizer\components\data_transformation.py", line 36, in convert
    dataset_samsum_pt.save_to_disk(os.path.join(self.config.root_dir, "samsum_dataset"))
  File "E:\Conda\Lib\site-packages\datasets\dataset_dict.py", line 1377, in save_to_disk
    dataset.save_to_disk(
  File "E:\Conda\Lib\site-packages\datasets\arrow_dataset.py", line 1921, in save_to_disk
    for job_id, done, content in Dataset._save_to_disk_single(**kwargs):
                                 ^^^^^^^^^^^^^^^^^^^^^^^^^^^^^^^^^^^^^^
  File "E:\Conda\Lib\site-packages\datasets\arrow_dataset.py", line 1945, in _save_to_disk_single
    writer = ArrowWriter(
             ^^^^^^^^^^^^
  File "E:\Conda\Lib\site-packages\datasets\arrow_writer.py", line 524, in __init__
    self.stream = self._fs.open(path, "wb")
                  ^^^^^^^^^^^^^^^^^^^^^^^^^
  File "E:\Conda\Lib\site-packages\fsspec\spec.py", line 1349, in open
    f = self._open(
        ^^^^^^^^^^^
  File "E:\Conda\Lib\site-packages\fsspec\implementations\local.py", line 214, in _open
    return LocalFileOpener(path, mode, fs=self, **kwargs)
           ^^^^^^^^^^^^^^^^^^^^^^^^^^^^^^^^^^^^^^^^^^^^^^
  File "E:\Conda\Lib\site-packages\fsspec\implementations\local.py", line 391, in __init__
    self._open()
  File "E:\Conda\Lib\site-packages\fsspec\implementations\local.py", line 396, in _open
    self.f = open(self.path, mode=self.mode)
             ^^^^^^^^^^^^^^^^^^^^^^^^^^^^^^^
OSError: [Errno 22] Invalid argument: 'E:/TextSummarizzer/artifacts/data_transformation/samsum_dataset/train/data-00000-of-00001.arrow'
2026-03-31 08:26:38,159 numexpr.utils INFO Note: NumExpr detected 16 cores but "NUMEXPR_MAX_THREADS" not set, so enforcing safe limit of 8.
2026-03-31 08:26:38,159 numexpr.utils INFO NumExpr defaulting to 8 threads.
2026-03-31 08:26:41,347 summarizerlogger INFO stage Data Ingestion stage initiated
2026-03-31 08:26:41,354 summarizerlogger INFO yaml file: config\config.yaml loaded successfully
2026-03-31 08:26:41,357 summarizerlogger INFO yaml file: params.yaml loaded successfully
2026-03-31 08:26:41,358 summarizerlogger INFO created directory at: artifacts
2026-03-31 08:26:41,358 summarizerlogger INFO created directory at: artifacts/data_ingestion
2026-03-31 08:26:41,359 summarizerlogger INFO File already exits
2026-03-31 08:26:41,512 summarizerlogger INFO Unzipping completed
2026-03-31 08:26:41,512 summarizerlogger INFO Stage Data Ingestion stage Completed
2026-03-31 08:26:41,512 summarizerlogger INFO stage Data Transformation stage initiated
2026-03-31 08:26:41,512 summarizerlogger INFO yaml file: config\config.yaml loaded successfully
2026-03-31 08:26:41,522 summarizerlogger INFO yaml file: params.yaml loaded successfully
2026-03-31 08:26:41,522 summarizerlogger INFO created directory at: artifacts
2026-03-31 08:26:41,523 summarizerlogger INFO created directory at: artifacts/data_transformation
2026-03-31 08:26:43,881 summarizerlogger INFO Stage Data Transformation stage Completed
2026-03-31 08:26:43,895 summarizerlogger INFO stage Model Trainer stage initiated
2026-03-31 08:26:43,900 summarizerlogger INFO yaml file: config\config.yaml loaded successfully
2026-03-31 08:26:43,903 summarizerlogger INFO yaml file: params.yaml loaded successfully
2026-03-31 08:26:43,904 summarizerlogger INFO created directory at: artifacts
2026-03-31 08:26:43,904 summarizerlogger INFO created directory at: artifacts/model_trainer
2026-03-31 09:42:44,958 summarizerlogger ERROR Error while serializing: I/O error: The requested operation cannot be performed on a file with a user-mapped section open. (os error 1224)
Traceback (most recent call last):
  File "E:\TextSummarizzer\main.py", line 34, in <module>
    model_trainer_pipeline.initiate_model_trainer()
  File "E:\TextSummarizzer\src\textSummarizer\pipeline\stage_3_model_trainer_pipeline.py", line 12, in initiate_model_trainer
    model_trainer_config.train()
  File "E:\TextSummarizzer\src\textSummarizer\components\model_trainer.py", line 44, in train
    model_pegasus.save_pretrained(os.path.join(self.config.root_dir,"pegasus-samsum-model"))
  File "E:\Conda\Lib\site-packages\transformers\modeling_utils.py", line 2584, in save_pretrained
    safe_save_file(shard, os.path.join(save_directory, shard_file), metadata={"format": "pt"})
  File "E:\Conda\Lib\site-packages\safetensors\torch.py", line 307, in save_file
    serialize_file(_flatten(tensors), filename, metadata=metadata)
safetensors_rust.SafetensorError: Error while serializing: I/O error: The requested operation cannot be performed on a file with a user-mapped section open. (os error 1224)
2026-03-31 09:46:39,014 numexpr.utils INFO Note: NumExpr detected 16 cores but "NUMEXPR_MAX_THREADS" not set, so enforcing safe limit of 8.
2026-03-31 09:46:39,014 numexpr.utils INFO NumExpr defaulting to 8 threads.
2026-03-31 09:48:10,920 numexpr.utils INFO Note: NumExpr detected 16 cores but "NUMEXPR_MAX_THREADS" not set, so enforcing safe limit of 8.
2026-03-31 09:48:10,920 numexpr.utils INFO NumExpr defaulting to 8 threads.
2026-03-31 09:48:43,819 numexpr.utils INFO Note: NumExpr detected 16 cores but "NUMEXPR_MAX_THREADS" not set, so enforcing safe limit of 8.
2026-03-31 09:48:43,819 numexpr.utils INFO NumExpr defaulting to 8 threads.
2026-03-31 09:48:47,968 summarizerlogger INFO stage Data Ingestion stage initiated
2026-03-31 09:48:47,974 summarizerlogger INFO yaml file: config\config.yaml loaded successfully
2026-03-31 09:48:47,976 summarizerlogger INFO yaml file: params.yaml loaded successfully
2026-03-31 09:48:47,977 summarizerlogger INFO created directory at: artifacts
2026-03-31 09:48:47,977 summarizerlogger INFO created directory at: artifacts/data_ingestion
2026-03-31 09:48:47,978 summarizerlogger INFO File already exits
2026-03-31 09:48:48,123 summarizerlogger INFO Unzipping completed
2026-03-31 09:48:48,123 summarizerlogger INFO Stage Data Ingestion stage Completed
2026-03-31 09:48:48,123 summarizerlogger INFO stage Data Transformation stage initiated
2026-03-31 09:48:48,141 summarizerlogger INFO yaml file: config\config.yaml loaded successfully
2026-03-31 09:48:48,145 summarizerlogger INFO yaml file: params.yaml loaded successfully
2026-03-31 09:48:48,145 summarizerlogger INFO created directory at: artifacts
2026-03-31 09:48:48,146 summarizerlogger INFO created directory at: artifacts/data_transformation
2026-03-31 09:48:50,577 summarizerlogger INFO Stage Data Transformation stage Completed
2026-03-31 09:48:50,577 summarizerlogger INFO stage Model Trainer stage initiated
2026-03-31 09:48:50,592 summarizerlogger INFO yaml file: config\config.yaml loaded successfully
2026-03-31 09:48:50,594 summarizerlogger INFO yaml file: params.yaml loaded successfully
2026-03-31 09:48:50,595 summarizerlogger INFO created directory at: artifacts
2026-03-31 09:48:50,595 summarizerlogger INFO created directory at: artifacts/model_trainer
2026-03-31 11:11:55,868 summarizerlogger ERROR 
Traceback (most recent call last):
  File "E:\TextSummarizzer\main.py", line 34, in <module>
    model_trainer_pipeline.initiate_model_trainer()
  File "E:\TextSummarizzer\src\textSummarizer\pipeline\stage_3_model_trainer_pipeline.py", line 12, in initiate_model_trainer
    model_trainer_config.train()
  File "E:\TextSummarizzer\src\textSummarizer\components\model_trainer.py", line 41, in train
    trainer.train()
  File "E:\Conda\Lib\site-packages\transformers\trainer.py", line 1859, in train
    return inner_training_loop(
           ^^^^^^^^^^^^^^^^^^^^
  File "E:\Conda\Lib\site-packages\transformers\trainer.py", line 2298, in _inner_training_loop
    self._maybe_log_save_evaluate(tr_loss, grad_norm, model, trial, epoch, ignore_keys_for_eval)
  File "E:\Conda\Lib\site-packages\transformers\trainer.py", line 2673, in _maybe_log_save_evaluate
    self._save_checkpoint(model, trial, metrics=metrics)
  File "E:\Conda\Lib\site-packages\transformers\trainer.py", line 2752, in _save_checkpoint
    self.save_model(output_dir, _internal_call=True)
  File "E:\Conda\Lib\site-packages\transformers\trainer.py", line 3252, in save_model
    self._save(output_dir)
  File "E:\Conda\Lib\site-packages\transformers\trainer.py", line 3327, in _save
    self.model.save_pretrained(
  File "E:\Conda\Lib\site-packages\transformers\modeling_utils.py", line 2584, in save_pretrained
    safe_save_file(shard, os.path.join(save_directory, shard_file), metadata={"format": "pt"})
  File "E:\Conda\Lib\site-packages\safetensors\torch.py", line 307, in save_file
    serialize_file(_flatten(tensors), filename, metadata=metadata)
                   ^^^^^^^^^^^^^^^^^
  File "E:\Conda\Lib\site-packages\safetensors\torch.py", line 547, in _flatten
    "data": _tobytes(v, k),
            ^^^^^^^^^^^^^^
  File "E:\Conda\Lib\site-packages\safetensors\torch.py", line 503, in _tobytes
    return data.tobytes()
           ^^^^^^^^^^^^^^
MemoryError
